<?xml version="1.0" encoding="UTF-8" ?>
<testsuites>
  <testsuite errors="0" failures="0" hostname="Jans-MacBook-Pro.local" id="0" name="IndependentUpdateTest" package="de.petranek.syncyoursecrets.model.pw" tests="1" time="0.199" timestamp="2012-01-13T22:06:13">
      <properties>
[...]
</properties>

      <testcase classname="de.petranek.syncyoursecrets.model.pw.IndependentUpdateTest" name="testMergeV1" time="0.174" />

      <system-out><![CDATA[[DEBUG XmlSerializeTool] entering readFile
[DEBUG XmlSerializeTool] exiting readFile
[DEBUG MappingElement] entering constructor
[TRACE MappingElement] entering createNow
[TRACE MappingElement] entering createUid
[TRACE MappingElement] exiting createUid
[TRACE MappingElement] exiting createNow
[DEBUG MappingElement] exiting constructor
[DEBUG MappingElement] entering Constructor from XML Element
[DEBUG MappingElement] Version is 2
[DEBUG MappingElement] exiting Constructor from XML Element
[DEBUG NamedElement] Found name property
[DEBUG MappingElement] entering constructor
[TRACE MappingElement] entering createNow
[TRACE MappingElement] entering createUid
[TRACE MappingElement] exiting createUid
[TRACE MappingElement] exiting createNow
[DEBUG MappingElement] exiting constructor
[DEBUG MappingElement] entering Constructor from XML Element
[DEBUG MappingElement] exiting Constructor from XML Element
[DEBUG StringElement] entering constructor from Xml
[DEBUG StringElement] exiting constructor from Xml
[DEBUG ListElement] entering constructor from Xml
[DEBUG ListElement] Skipping name node, already handled in super constructor
[DEBUG MappingElement] entering constructor
[TRACE MappingElement] entering createNow
[TRACE MappingElement] entering createUid
[TRACE MappingElement] exiting createUid
[TRACE MappingElement] exiting createNow
[DEBUG MappingElement] exiting constructor
[DEBUG MappingElement] entering Constructor from XML Element
[DEBUG MappingElement] exiting Constructor from XML Element
[DEBUG NamedElement] Found name property
[DEBUG MappingElement] entering constructor
[TRACE MappingElement] entering createNow
[TRACE MappingElement] entering createUid
[TRACE MappingElement] exiting createUid
[TRACE MappingElement] exiting createNow
[DEBUG MappingElement] exiting constructor
[DEBUG MappingElement] entering Constructor from XML Element
[DEBUG MappingElement] exiting Constructor from XML Element
[DEBUG StringElement] entering constructor from Xml
[DEBUG StringElement] exiting constructor from Xml
[DEBUG Entry] entering constructor from XML
[TRACE PWEntry] entering initChildren
[TRACE Entry] Adding String property url
[DEBUG MappingElement] entering constructor
[TRACE MappingElement] entering createNow
[TRACE MappingElement] entering createUid
[TRACE MappingElement] exiting createUid
[TRACE MappingElement] exiting createNow
[DEBUG MappingElement] exiting constructor
[TRACE Entry] Adding String property user
[DEBUG MappingElement] entering constructor
[TRACE MappingElement] entering createNow
[TRACE MappingElement] entering createUid
[TRACE MappingElement] exiting createUid
[TRACE MappingElement] exiting createNow
[DEBUG MappingElement] exiting constructor
[TRACE Entry] Adding String property password
[DEBUG MappingElement] entering constructor
[TRACE MappingElement] entering createNow
[TRACE MappingElement] entering createUid
[TRACE MappingElement] exiting createUid
[TRACE MappingElement] exiting createNow
[DEBUG MappingElement] exiting constructor
[TRACE Entry] Adding String property remark
[DEBUG MappingElement] entering constructor
[TRACE MappingElement] entering createNow
[TRACE MappingElement] entering createUid
[TRACE MappingElement] exiting createUid
[TRACE MappingElement] exiting createNow
[DEBUG MappingElement] exiting constructor
[TRACE Entry] Adding String property email
[DEBUG MappingElement] entering constructor
[TRACE MappingElement] entering createNow
[TRACE MappingElement] entering createUid
[TRACE MappingElement] exiting createUid
[TRACE MappingElement] exiting createNow
[DEBUG MappingElement] exiting constructor
[TRACE PWEntry] exiting initChildren
[DEBUG Entry] Adding child element for node email
[DEBUG MappingElement] entering constructor
[TRACE MappingElement] entering createNow
[TRACE MappingElement] entering createUid
[TRACE MappingElement] exiting createUid
[TRACE MappingElement] exiting createNow
[DEBUG MappingElement] exiting constructor
[DEBUG MappingElement] entering Constructor from XML Element
[DEBUG MappingElement] exiting Constructor from XML Element
[DEBUG StringElement] entering constructor from Xml
[DEBUG StringElement] exiting constructor from Xml
[DEBUG Entry] Adding child element for node remark
[DEBUG MappingElement] entering constructor
[TRACE MappingElement] entering createNow
[TRACE MappingElement] entering createUid
[TRACE MappingElement] exiting createUid
[TRACE MappingElement] exiting createNow
[DEBUG MappingElement] exiting constructor
[DEBUG MappingElement] entering Constructor from XML Element
[DEBUG MappingElement] exiting Constructor from XML Element
[DEBUG StringElement] entering constructor from Xml
[DEBUG StringElement] exiting constructor from Xml
[DEBUG Entry] Adding child element for node password
[DEBUG MappingElement] entering constructor
[TRACE MappingElement] entering createNow
[TRACE MappingElement] entering createUid
[TRACE MappingElement] exiting createUid
[TRACE MappingElement] exiting createNow
[DEBUG MappingElement] exiting constructor
[DEBUG MappingElement] entering Constructor from XML Element
[DEBUG MappingElement] exiting Constructor from XML Element
[DEBUG StringElement] entering constructor from Xml
[DEBUG StringElement] exiting constructor from Xml
[DEBUG Entry] Adding child element for node user
[DEBUG MappingElement] entering constructor
[TRACE MappingElement] entering createNow
[TRACE MappingElement] entering createUid
[TRACE MappingElement] exiting createUid
[TRACE MappingElement] exiting createNow
[DEBUG MappingElement] exiting constructor
[DEBUG MappingElement] entering Constructor from XML Element
[DEBUG MappingElement] exiting Constructor from XML Element
[DEBUG StringElement] entering constructor from Xml
[DEBUG StringElement] exiting constructor from Xml
[DEBUG Entry] Adding child element for node url
[DEBUG MappingElement] entering constructor
[TRACE MappingElement] entering createNow
[TRACE MappingElement] entering createUid
[TRACE MappingElement] exiting createUid
[TRACE MappingElement] exiting createNow
[DEBUG MappingElement] exiting constructor
[DEBUG MappingElement] entering Constructor from XML Element
[DEBUG MappingElement] exiting Constructor from XML Element
[DEBUG StringElement] entering constructor from Xml
[DEBUG StringElement] exiting constructor from Xml
[DEBUG Entry] exiting constructor from XML
[TRACE PWList] PWEntry found[pwentry]: 8584938351695561728
[TRACE ListElement] Adding child element [pwentry]: 8584938351695561728 to [pwlist]: 4364995307124132864
[DEBUG ListElement] exiting constructor from Xml
[DEBUG XmlSerializeTool] entering readFile
[DEBUG XmlSerializeTool] exiting readFile
[DEBUG MappingElement] entering constructor
[TRACE MappingElement] entering createNow
[TRACE MappingElement] entering createUid
[TRACE MappingElement] exiting createUid
[TRACE MappingElement] exiting createNow
[DEBUG MappingElement] exiting constructor
[DEBUG MappingElement] entering Constructor from XML Element
[DEBUG MappingElement] Version is 2
[DEBUG MappingElement] exiting Constructor from XML Element
[DEBUG NamedElement] Found name property
[DEBUG MappingElement] entering constructor
[TRACE MappingElement] entering createNow
[TRACE MappingElement] entering createUid
[TRACE MappingElement] exiting createUid
[TRACE MappingElement] exiting createNow
[DEBUG MappingElement] exiting constructor
[DEBUG MappingElement] entering Constructor from XML Element
[DEBUG MappingElement] exiting Constructor from XML Element
[DEBUG StringElement] entering constructor from Xml
[DEBUG StringElement] exiting constructor from Xml
[DEBUG ListElement] entering constructor from Xml
[DEBUG ListElement] Skipping name node, already handled in super constructor
[DEBUG MappingElement] entering constructor
[TRACE MappingElement] entering createNow
[TRACE MappingElement] entering createUid
[TRACE MappingElement] exiting createUid
[TRACE MappingElement] exiting createNow
[DEBUG MappingElement] exiting constructor
[DEBUG MappingElement] entering Constructor from XML Element
[DEBUG MappingElement] exiting Constructor from XML Element
[DEBUG NamedElement] Found name property
[DEBUG MappingElement] entering constructor
[TRACE MappingElement] entering createNow
[TRACE MappingElement] entering createUid
[TRACE MappingElement] exiting createUid
[TRACE MappingElement] exiting createNow
[DEBUG MappingElement] exiting constructor
[DEBUG MappingElement] entering Constructor from XML Element
[DEBUG MappingElement] exiting Constructor from XML Element
[DEBUG StringElement] entering constructor from Xml
[DEBUG StringElement] exiting constructor from Xml
[DEBUG Entry] entering constructor from XML
[TRACE PWEntry] entering initChildren
[TRACE Entry] Adding String property url
[DEBUG MappingElement] entering constructor
[TRACE MappingElement] entering createNow
[TRACE MappingElement] entering createUid
[TRACE MappingElement] exiting createUid
[TRACE MappingElement] exiting createNow
[DEBUG MappingElement] exiting constructor
[TRACE Entry] Adding String property user
[DEBUG MappingElement] entering constructor
[TRACE MappingElement] entering createNow
[TRACE MappingElement] entering createUid
[TRACE MappingElement] exiting createUid
[TRACE MappingElement] exiting createNow
[DEBUG MappingElement] exiting constructor
[TRACE Entry] Adding String property password
[DEBUG MappingElement] entering constructor
[TRACE MappingElement] entering createNow
[TRACE MappingElement] entering createUid
[TRACE MappingElement] exiting createUid
[TRACE MappingElement] exiting createNow
[DEBUG MappingElement] exiting constructor
[TRACE Entry] Adding String property remark
[DEBUG MappingElement] entering constructor
[TRACE MappingElement] entering createNow
[TRACE MappingElement] entering createUid
[TRACE MappingElement] exiting createUid
[TRACE MappingElement] exiting createNow
[DEBUG MappingElement] exiting constructor
[TRACE Entry] Adding String property email
[DEBUG MappingElement] entering constructor
[TRACE MappingElement] entering createNow
[TRACE MappingElement] entering createUid
[TRACE MappingElement] exiting createUid
[TRACE MappingElement] exiting createNow
[DEBUG MappingElement] exiting constructor
[TRACE PWEntry] exiting initChildren
[DEBUG Entry] Adding child element for node email
[DEBUG MappingElement] entering constructor
[TRACE MappingElement] entering createNow
[TRACE MappingElement] entering createUid
[TRACE MappingElement] exiting createUid
[TRACE MappingElement] exiting createNow
[DEBUG MappingElement] exiting constructor
[DEBUG MappingElement] entering Constructor from XML Element
[DEBUG MappingElement] exiting Constructor from XML Element
[DEBUG StringElement] entering constructor from Xml
[DEBUG StringElement] exiting constructor from Xml
[DEBUG Entry] Adding child element for node remark
[DEBUG MappingElement] entering constructor
[TRACE MappingElement] entering createNow
[TRACE MappingElement] entering createUid
[TRACE MappingElement] exiting createUid
[TRACE MappingElement] exiting createNow
[DEBUG MappingElement] exiting constructor
[DEBUG MappingElement] entering Constructor from XML Element
[DEBUG MappingElement] exiting Constructor from XML Element
[DEBUG StringElement] entering constructor from Xml
[DEBUG StringElement] exiting constructor from Xml
[DEBUG Entry] Adding child element for node password
[DEBUG MappingElement] entering constructor
[TRACE MappingElement] entering createNow
[TRACE MappingElement] entering createUid
[TRACE MappingElement] exiting createUid
[TRACE MappingElement] exiting createNow
[DEBUG MappingElement] exiting constructor
[DEBUG MappingElement] entering Constructor from XML Element
[DEBUG MappingElement] exiting Constructor from XML Element
[DEBUG StringElement] entering constructor from Xml
[DEBUG StringElement] exiting constructor from Xml
[DEBUG Entry] Adding child element for node user
[DEBUG MappingElement] entering constructor
[TRACE MappingElement] entering createNow
[TRACE MappingElement] entering createUid
[TRACE MappingElement] exiting createUid
[TRACE MappingElement] exiting createNow
[DEBUG MappingElement] exiting constructor
[DEBUG MappingElement] entering Constructor from XML Element
[DEBUG MappingElement] exiting Constructor from XML Element
[DEBUG StringElement] entering constructor from Xml
[DEBUG StringElement] exiting constructor from Xml
[DEBUG Entry] Adding child element for node url
[DEBUG MappingElement] entering constructor
[TRACE MappingElement] entering createNow
[TRACE MappingElement] entering createUid
[TRACE MappingElement] exiting createUid
[TRACE MappingElement] exiting createNow
[DEBUG MappingElement] exiting constructor
[DEBUG MappingElement] entering Constructor from XML Element
[DEBUG MappingElement] exiting Constructor from XML Element
[DEBUG StringElement] entering constructor from Xml
[DEBUG StringElement] exiting constructor from Xml
[DEBUG Entry] exiting constructor from XML
[TRACE PWList] PWEntry found[pwentry]: 7999099149007219712
[TRACE ListElement] Adding child element [pwentry]: 7999099149007219712 to [pwlist]: 4364995307124132864
[DEBUG MappingElement] entering constructor
[TRACE MappingElement] entering createNow
[TRACE MappingElement] entering createUid
[TRACE MappingElement] exiting createUid
[TRACE MappingElement] exiting createNow
[DEBUG MappingElement] exiting constructor
[DEBUG MappingElement] entering Constructor from XML Element
[DEBUG MappingElement] exiting Constructor from XML Element
[DEBUG NamedElement] Found name property
[DEBUG MappingElement] entering constructor
[TRACE MappingElement] entering createNow
[TRACE MappingElement] entering createUid
[TRACE MappingElement] exiting createUid
[TRACE MappingElement] exiting createNow
[DEBUG MappingElement] exiting constructor
[DEBUG MappingElement] entering Constructor from XML Element
[DEBUG MappingElement] exiting Constructor from XML Element
[DEBUG StringElement] entering constructor from Xml
[DEBUG StringElement] exiting constructor from Xml
[DEBUG Entry] entering constructor from XML
[TRACE PWEntry] entering initChildren
[TRACE Entry] Adding String property url
[DEBUG MappingElement] entering constructor
[TRACE MappingElement] entering createNow
[TRACE MappingElement] entering createUid
[TRACE MappingElement] exiting createUid
[TRACE MappingElement] exiting createNow
[DEBUG MappingElement] exiting constructor
[TRACE Entry] Adding String property user
[DEBUG MappingElement] entering constructor
[TRACE MappingElement] entering createNow
[TRACE MappingElement] entering createUid
[TRACE MappingElement] exiting createUid
[TRACE MappingElement] exiting createNow
[DEBUG MappingElement] exiting constructor
[TRACE Entry] Adding String property password
[DEBUG MappingElement] entering constructor
[TRACE MappingElement] entering createNow
[TRACE MappingElement] entering createUid
[TRACE MappingElement] exiting createUid
[TRACE MappingElement] exiting createNow
[DEBUG MappingElement] exiting constructor
[TRACE Entry] Adding String property remark
[DEBUG MappingElement] entering constructor
[TRACE MappingElement] entering createNow
[TRACE MappingElement] entering createUid
[TRACE MappingElement] exiting createUid
[TRACE MappingElement] exiting createNow
[DEBUG MappingElement] exiting constructor
[TRACE Entry] Adding String property email
[DEBUG MappingElement] entering constructor
[TRACE MappingElement] entering createNow
[TRACE MappingElement] entering createUid
[TRACE MappingElement] exiting createUid
[TRACE MappingElement] exiting createNow
[DEBUG MappingElement] exiting constructor
[TRACE PWEntry] exiting initChildren
[DEBUG Entry] Adding child element for node email
[DEBUG MappingElement] entering constructor
[TRACE MappingElement] entering createNow
[TRACE MappingElement] entering createUid
[TRACE MappingElement] exiting createUid
[TRACE MappingElement] exiting createNow
[DEBUG MappingElement] exiting constructor
[DEBUG MappingElement] entering Constructor from XML Element
[DEBUG MappingElement] exiting Constructor from XML Element
[DEBUG StringElement] entering constructor from Xml
[DEBUG StringElement] exiting constructor from Xml
[DEBUG Entry] Adding child element for node remark
[DEBUG MappingElement] entering constructor
[TRACE MappingElement] entering createNow
[TRACE MappingElement] entering createUid
[TRACE MappingElement] exiting createUid
[TRACE MappingElement] exiting createNow
[DEBUG MappingElement] exiting constructor
[DEBUG MappingElement] entering Constructor from XML Element
[DEBUG MappingElement] exiting Constructor from XML Element
[DEBUG StringElement] entering constructor from Xml
[DEBUG StringElement] exiting constructor from Xml
[DEBUG Entry] Adding child element for node password
[DEBUG MappingElement] entering constructor
[TRACE MappingElement] entering createNow
[TRACE MappingElement] entering createUid
[TRACE MappingElement] exiting createUid
[TRACE MappingElement] exiting createNow
[DEBUG MappingElement] exiting constructor
[DEBUG MappingElement] entering Constructor from XML Element
[DEBUG MappingElement] exiting Constructor from XML Element
[DEBUG StringElement] entering constructor from Xml
[DEBUG StringElement] exiting constructor from Xml
[DEBUG Entry] Adding child element for node user
[DEBUG MappingElement] entering constructor
[TRACE MappingElement] entering createNow
[TRACE MappingElement] entering createUid
[TRACE MappingElement] exiting createUid
[TRACE MappingElement] exiting createNow
[DEBUG MappingElement] exiting constructor
[DEBUG MappingElement] entering Constructor from XML Element
[DEBUG MappingElement] exiting Constructor from XML Element
[DEBUG StringElement] entering constructor from Xml
[DEBUG StringElement] exiting constructor from Xml
[DEBUG Entry] Adding child element for node url
[DEBUG MappingElement] entering constructor
[TRACE MappingElement] entering createNow
[TRACE MappingElement] entering createUid
[TRACE MappingElement] exiting createUid
[TRACE MappingElement] exiting createNow
[DEBUG MappingElement] exiting constructor
[DEBUG MappingElement] entering Constructor from XML Element
[DEBUG MappingElement] exiting Constructor from XML Element
[DEBUG StringElement] entering constructor from Xml
[DEBUG StringElement] exiting constructor from Xml
[DEBUG Entry] exiting constructor from XML
[TRACE PWList] PWEntry found[pwentry]: 8584938351695561728
[TRACE ListElement] Adding child element [pwentry]: 8584938351695561728 to [pwlist]: 4364995307124132864
[DEBUG ListElement] exiting constructor from Xml
[DEBUG ListElement] entering merge, will merge [pwlist]: 4364995307124132864 with [pwlist]: 4364995307124132864
[TRACE MappingElement] entering getNewest
[TRACE MappingElement] This is older 2009-05-16T23:01:19.723+02:00 than 2009-05-16T23:02:13.726+02:00
[TRACE MappingElement] exiting getNewest
[DEBUG StringElement] Merging [name]: 1093562260754625536 with [name]: 1093562260754625536
[TRACE MappingElement] entering getNewest
[TRACE MappingElement] This is older 2009-05-16T23:00:32.564+02:00 than 2009-05-16T23:00:32.564+02:00
[TRACE MappingElement] exiting getNewest
[DEBUG ListElement] Element [pwentry]: 8584938351695561728 found in both lists, merging
[DEBUG Entry] Entering merge: Merge [pwentry]: 8584938351695561728 with [pwentry]: 8584938351695561728
[TRACE MappingElement] entering getNewest
[TRACE MappingElement] This is newer 2009-05-16T23:01:19.723+02:00 than 2009-05-16T23:00:41.430+02:00
[TRACE MappingElement] exiting getNewest
[DEBUG StringElement] Merging [name]: 8630656934616660992 with [name]: 8630656934616660992
[TRACE MappingElement] entering getNewest
[TRACE MappingElement] This is newer 2009-05-16T23:01:19.723+02:00 than 2009-05-16T23:00:36.899+02:00
[TRACE MappingElement] exiting getNewest
[TRACE Entry] Merged key set contains 5 child nodes
[TRACE Entry] Merging child nodes [remark]: 7747063428481035264 and [remark]: 7747063428481035264
[DEBUG StringElement] Merging [remark]: 7747063428481035264 with [remark]: 7747063428481035264
[TRACE MappingElement] entering getNewest
[TRACE MappingElement] This is older 2009-05-16T23:00:41.430+02:00 than 2009-05-16T23:00:41.430+02:00
[TRACE MappingElement] exiting getNewest
[TRACE Entry] Node present in both, selecting [remark]: 7747063428481035264
[TRACE Entry] Merging child nodes [email]: 5741103531240032256 and [email]: 5741103531240032256
[DEBUG StringElement] Merging [email]: 5741103531240032256 with [email]: 5741103531240032256
[TRACE MappingElement] entering getNewest
[TRACE MappingElement] This is older 2009-05-16T23:00:34.836+02:00 than 2009-05-16T23:00:34.836+02:00
[TRACE MappingElement] exiting getNewest
[TRACE Entry] Node present in both, selecting [email]: 5741103531240032256
[TRACE Entry] Merging child nodes [user]: 9150288533262828544 and [user]: 9150288533262828544
[DEBUG StringElement] Merging [user]: 9150288533262828544 with [user]: 9150288533262828544
[TRACE MappingElement] entering getNewest
[TRACE MappingElement] This is older 2009-05-16T23:00:34.829+02:00 than 2009-05-16T23:00:34.829+02:00
[TRACE MappingElement] exiting getNewest
[TRACE Entry] Node present in both, selecting [user]: 9150288533262828544
[TRACE Entry] Merging child nodes [password]: 7260584363794295808 and [password]: 7260584363794295808
[DEBUG StringElement] Merging [password]: 7260584363794295808 with [password]: 7260584363794295808
[TRACE MappingElement] entering getNewest
[TRACE MappingElement] This is older 2009-05-16T23:00:34.830+02:00 than 2009-05-16T23:00:34.830+02:00
[TRACE MappingElement] exiting getNewest
[TRACE Entry] Node present in both, selecting [password]: 7260584363794295808
[TRACE Entry] Merging child nodes [url]: 7327240317397123072 and [url]: 7327240317397123072
[DEBUG StringElement] Merging [url]: 7327240317397123072 with [url]: 7327240317397123072
[TRACE MappingElement] entering getNewest
[TRACE MappingElement] This is older 2009-05-16T23:00:34.827+02:00 than 2009-05-16T23:00:34.827+02:00
[TRACE MappingElement] exiting getNewest
[TRACE Entry] Node present in both, selecting [url]: 7327240317397123072
[DEBUG Entry] Exiting merge, resulting in [pwentry]: 8584938351695561728
[DEBUG ListElement] Adding [pwentry]: 8584938351695561728
[DEBUG ListElement] Adding [pwentry]: 7999099149007219712
[TRACE ListElement] [pwentry]: 7999099149007219712 only found in [pwlist]: 4364995307124132864 adding to merge result
[DEBUG ListElement] exiting merge, resulted in [pwlist]: 4364995307124132864
[WARN  ListElement] Call to getElements detected; this shall not occur innormal use!
[WARN  ListElement] Call to getElements detected; this shall not occur innormal use!
[WARN  ListElement] Call to getElements detected; this shall not occur innormal use!
]]></system-out>

      <system-err><![CDATA[]]></system-err>

  </testsuite>
  <testsuite errors="0" failures="0" hostname="Jans-MacBook-Pro.local" id="1" name="PWEntryDeleteTest" package="de.petranek.syncyoursecrets.model.pw" tests="1" time="0.01" timestamp="2012-01-13T22:06:13">
      <properties>
[...]
</properties>

      <testcase classname="de.petranek.syncyoursecrets.model.pw.PWEntryDeleteTest" name="testMerge" time="0.0070" />

      <system-out><![CDATA[[DEBUG MappingElement] entering constructor
[TRACE MappingElement] entering createNow
[TRACE MappingElement] entering createUid
[TRACE MappingElement] exiting createUid
[TRACE MappingElement] exiting createNow
[DEBUG MappingElement] exiting constructor
[DEBUG MappingElement] entering constructor
[TRACE MappingElement] entering createNow
[TRACE MappingElement] entering createUid
[TRACE MappingElement] exiting createUid
[TRACE MappingElement] exiting createNow
[DEBUG MappingElement] exiting constructor
[DEBUG Entry] entering constructor from parameters
[TRACE PWEntry] entering initChildren
[TRACE Entry] Adding String property url
[DEBUG MappingElement] entering constructor
[TRACE MappingElement] entering createNow
[TRACE MappingElement] entering createUid
[TRACE MappingElement] exiting createUid
[TRACE MappingElement] exiting createNow
[DEBUG MappingElement] exiting constructor
[TRACE Entry] Adding String property user
[DEBUG MappingElement] entering constructor
[TRACE MappingElement] entering createNow
[TRACE MappingElement] entering createUid
[TRACE MappingElement] exiting createUid
[TRACE MappingElement] exiting createNow
[DEBUG MappingElement] exiting constructor
[TRACE Entry] Adding String property password
[DEBUG MappingElement] entering constructor
[TRACE MappingElement] entering createNow
[TRACE MappingElement] entering createUid
[TRACE MappingElement] exiting createUid
[TRACE MappingElement] exiting createNow
[DEBUG MappingElement] exiting constructor
[TRACE Entry] Adding String property remark
[DEBUG MappingElement] entering constructor
[TRACE MappingElement] entering createNow
[TRACE MappingElement] entering createUid
[TRACE MappingElement] exiting createUid
[TRACE MappingElement] exiting createNow
[DEBUG MappingElement] exiting constructor
[TRACE Entry] Adding String property email
[DEBUG MappingElement] entering constructor
[TRACE MappingElement] entering createNow
[TRACE MappingElement] entering createUid
[TRACE MappingElement] exiting createUid
[TRACE MappingElement] exiting createNow
[DEBUG MappingElement] exiting constructor
[TRACE PWEntry] exiting initChildren
[DEBUG Entry] exiting constructor
[TRACE StringElement] Content modified
[TRACE MappingElement] entering modify
[TRACE MappingElement] entering modify
[TRACE MappingElement] exiting modify
[TRACE MappingElement] exiting modify
[TRACE StringElement] Content modified
[TRACE MappingElement] entering modify
[TRACE MappingElement] entering modify
[TRACE MappingElement] exiting modify
[TRACE MappingElement] exiting modify
[TRACE StringElement] Content modified
[TRACE MappingElement] entering modify
[TRACE MappingElement] entering modify
[TRACE MappingElement] exiting modify
[TRACE MappingElement] exiting modify
[TRACE StringElement] Content modified
[TRACE MappingElement] entering modify
[TRACE MappingElement] entering modify
[TRACE MappingElement] exiting modify
[TRACE MappingElement] exiting modify
[TRACE StringElement] Content modified
[TRACE MappingElement] entering modify
[TRACE MappingElement] entering modify
[TRACE MappingElement] exiting modify
[TRACE MappingElement] exiting modify
[TRACE StringElement] Content modified
[TRACE MappingElement] entering modify
[TRACE MappingElement] entering modify
[TRACE MappingElement] exiting modify
[TRACE MappingElement] exiting modify
[DEBUG MappingElement] entering constructor
[TRACE MappingElement] entering createNow
[TRACE MappingElement] entering createUid
[TRACE MappingElement] exiting createUid
[TRACE MappingElement] exiting createNow
[DEBUG MappingElement] exiting constructor
[DEBUG MappingElement] entering constructor
[TRACE MappingElement] entering createNow
[TRACE MappingElement] entering createUid
[TRACE MappingElement] exiting createUid
[TRACE MappingElement] exiting createNow
[DEBUG MappingElement] exiting constructor
[DEBUG Entry] entering constructor from parameters
[TRACE PWEntry] entering initChildren
[TRACE Entry] Adding String property url
[DEBUG MappingElement] entering constructor
[TRACE MappingElement] entering createNow
[TRACE MappingElement] entering createUid
[TRACE MappingElement] exiting createUid
[TRACE MappingElement] exiting createNow
[DEBUG MappingElement] exiting constructor
[TRACE Entry] Adding String property user
[DEBUG MappingElement] entering constructor
[TRACE MappingElement] entering createNow
[TRACE MappingElement] entering createUid
[TRACE MappingElement] exiting createUid
[TRACE MappingElement] exiting createNow
[DEBUG MappingElement] exiting constructor
[TRACE Entry] Adding String property password
[DEBUG MappingElement] entering constructor
[TRACE MappingElement] entering createNow
[TRACE MappingElement] entering createUid
[TRACE MappingElement] exiting createUid
[TRACE MappingElement] exiting createNow
[DEBUG MappingElement] exiting constructor
[TRACE Entry] Adding String property remark
[DEBUG MappingElement] entering constructor
[TRACE MappingElement] entering createNow
[TRACE MappingElement] entering createUid
[TRACE MappingElement] exiting createUid
[TRACE MappingElement] exiting createNow
[DEBUG MappingElement] exiting constructor
[TRACE Entry] Adding String property email
[DEBUG MappingElement] entering constructor
[TRACE MappingElement] entering createNow
[TRACE MappingElement] entering createUid
[TRACE MappingElement] exiting createUid
[TRACE MappingElement] exiting createNow
[DEBUG MappingElement] exiting constructor
[TRACE PWEntry] exiting initChildren
[DEBUG Entry] exiting constructor
[TRACE StringElement] Content modified
[TRACE MappingElement] entering modify
[TRACE MappingElement] entering modify
[TRACE MappingElement] exiting modify
[TRACE MappingElement] exiting modify
[TRACE StringElement] Content modified
[TRACE MappingElement] entering modify
[TRACE MappingElement] entering modify
[TRACE MappingElement] exiting modify
[TRACE MappingElement] exiting modify
[TRACE StringElement] Content modified
[TRACE MappingElement] entering modify
[TRACE MappingElement] entering modify
[TRACE MappingElement] exiting modify
[TRACE MappingElement] exiting modify
[TRACE StringElement] Content modified
[TRACE MappingElement] entering modify
[TRACE MappingElement] entering modify
[TRACE MappingElement] exiting modify
[TRACE MappingElement] exiting modify
[TRACE StringElement] Content modified
[TRACE MappingElement] entering modify
[TRACE MappingElement] entering modify
[TRACE MappingElement] exiting modify
[TRACE MappingElement] exiting modify
[TRACE StringElement] Content modified
[TRACE MappingElement] entering modify
[TRACE MappingElement] entering modify
[TRACE MappingElement] exiting modify
[TRACE MappingElement] exiting modify
[DEBUG MappingElement] entering delete for node [pwentry]: 1900502571423393792
[DEBUG MappingElement] exiting delete
[DEBUG Entry] Entering merge: Merge [pwentry]: 1900502571423393792 with [pwentry]: 5537004323430278144
[TRACE MappingElement] entering getNewest
[TRACE MappingElement] This is newer 2012-01-13T23:06:13.246+01:00 than 2008-09-21T15:51:30.346+02:00
[TRACE MappingElement] exiting getNewest
[TRACE Entry] Merged object already deleted, no further merge
[DEBUG Entry] Exiting merge, resulting in [pwentry]: 1900502571423393792
]]></system-out>

      <system-err><![CDATA[]]></system-err>

  </testsuite>
  <testsuite errors="0" failures="0" hostname="Jans-MacBook-Pro.local" id="2" name="PWEntryMergeTest" package="de.petranek.syncyoursecrets.model.pw" tests="2" time="0.018" timestamp="2012-01-13T22:06:13">
      <properties>
[...]
</properties>

      <testcase classname="de.petranek.syncyoursecrets.model.pw.PWEntryMergeTest" name="testMergeSecondWithFirst" time="0.0080" />

      <testcase classname="de.petranek.syncyoursecrets.model.pw.PWEntryMergeTest" name="testMergeFirstWithSecond" time="0.0070" />

      <system-out><![CDATA[[DEBUG MappingElement] entering constructor
[TRACE MappingElement] entering createNow
[TRACE MappingElement] entering createUid
[TRACE MappingElement] exiting createUid
[TRACE MappingElement] exiting createNow
[DEBUG MappingElement] exiting constructor
[DEBUG MappingElement] entering constructor
[TRACE MappingElement] entering createNow
[TRACE MappingElement] entering createUid
[TRACE MappingElement] exiting createUid
[TRACE MappingElement] exiting createNow
[DEBUG MappingElement] exiting constructor
[DEBUG Entry] entering constructor from parameters
[TRACE PWEntry] entering initChildren
[TRACE Entry] Adding String property url
[DEBUG MappingElement] entering constructor
[TRACE MappingElement] entering createNow
[TRACE MappingElement] entering createUid
[TRACE MappingElement] exiting createUid
[TRACE MappingElement] exiting createNow
[DEBUG MappingElement] exiting constructor
[TRACE Entry] Adding String property user
[DEBUG MappingElement] entering constructor
[TRACE MappingElement] entering createNow
[TRACE MappingElement] entering createUid
[TRACE MappingElement] exiting createUid
[TRACE MappingElement] exiting createNow
[DEBUG MappingElement] exiting constructor
[TRACE Entry] Adding String property password
[DEBUG MappingElement] entering constructor
[TRACE MappingElement] entering createNow
[TRACE MappingElement] entering createUid
[TRACE MappingElement] exiting createUid
[TRACE MappingElement] exiting createNow
[DEBUG MappingElement] exiting constructor
[TRACE Entry] Adding String property remark
[DEBUG MappingElement] entering constructor
[TRACE MappingElement] entering createNow
[TRACE MappingElement] entering createUid
[TRACE MappingElement] exiting createUid
[TRACE MappingElement] exiting createNow
[DEBUG MappingElement] exiting constructor
[TRACE Entry] Adding String property email
[DEBUG MappingElement] entering constructor
[TRACE MappingElement] entering createNow
[TRACE MappingElement] entering createUid
[TRACE MappingElement] exiting createUid
[TRACE MappingElement] exiting createNow
[DEBUG MappingElement] exiting constructor
[TRACE PWEntry] exiting initChildren
[DEBUG Entry] exiting constructor
[TRACE StringElement] Content modified
[TRACE MappingElement] entering modify
[TRACE MappingElement] entering modify
[TRACE MappingElement] exiting modify
[TRACE MappingElement] exiting modify
[TRACE StringElement] Content modified
[TRACE MappingElement] entering modify
[TRACE MappingElement] entering modify
[TRACE MappingElement] exiting modify
[TRACE MappingElement] exiting modify
[TRACE StringElement] Content modified
[TRACE MappingElement] entering modify
[TRACE MappingElement] entering modify
[TRACE MappingElement] exiting modify
[TRACE MappingElement] exiting modify
[TRACE StringElement] Content modified
[TRACE MappingElement] entering modify
[TRACE MappingElement] entering modify
[TRACE MappingElement] exiting modify
[TRACE MappingElement] exiting modify
[TRACE StringElement] Content modified
[TRACE MappingElement] entering modify
[TRACE MappingElement] entering modify
[TRACE MappingElement] exiting modify
[TRACE MappingElement] exiting modify
[TRACE StringElement] Content modified
[TRACE MappingElement] entering modify
[TRACE MappingElement] entering modify
[TRACE MappingElement] exiting modify
[TRACE MappingElement] exiting modify
[DEBUG MappingElement] entering constructor
[TRACE MappingElement] entering createNow
[TRACE MappingElement] entering createUid
[TRACE MappingElement] exiting createUid
[TRACE MappingElement] exiting createNow
[DEBUG MappingElement] exiting constructor
[DEBUG MappingElement] entering constructor
[TRACE MappingElement] entering createNow
[TRACE MappingElement] entering createUid
[TRACE MappingElement] exiting createUid
[TRACE MappingElement] exiting createNow
[DEBUG MappingElement] exiting constructor
[DEBUG Entry] entering constructor from parameters
[TRACE PWEntry] entering initChildren
[TRACE Entry] Adding String property url
[DEBUG MappingElement] entering constructor
[TRACE MappingElement] entering createNow
[TRACE MappingElement] entering createUid
[TRACE MappingElement] exiting createUid
[TRACE MappingElement] exiting createNow
[DEBUG MappingElement] exiting constructor
[TRACE Entry] Adding String property user
[DEBUG MappingElement] entering constructor
[TRACE MappingElement] entering createNow
[TRACE MappingElement] entering createUid
[TRACE MappingElement] exiting createUid
[TRACE MappingElement] exiting createNow
[DEBUG MappingElement] exiting constructor
[TRACE Entry] Adding String property password
[DEBUG MappingElement] entering constructor
[TRACE MappingElement] entering createNow
[TRACE MappingElement] entering createUid
[TRACE MappingElement] exiting createUid
[TRACE MappingElement] exiting createNow
[DEBUG MappingElement] exiting constructor
[TRACE Entry] Adding String property remark
[DEBUG MappingElement] entering constructor
[TRACE MappingElement] entering createNow
[TRACE MappingElement] entering createUid
[TRACE MappingElement] exiting createUid
[TRACE MappingElement] exiting createNow
[DEBUG MappingElement] exiting constructor
[TRACE Entry] Adding String property email
[DEBUG MappingElement] entering constructor
[TRACE MappingElement] entering createNow
[TRACE MappingElement] entering createUid
[TRACE MappingElement] exiting createUid
[TRACE MappingElement] exiting createNow
[DEBUG MappingElement] exiting constructor
[TRACE PWEntry] exiting initChildren
[DEBUG Entry] exiting constructor
[TRACE StringElement] Content modified
[TRACE MappingElement] entering modify
[TRACE MappingElement] entering modify
[TRACE MappingElement] exiting modify
[TRACE MappingElement] exiting modify
[TRACE StringElement] Content modified
[TRACE MappingElement] entering modify
[TRACE MappingElement] entering modify
[TRACE MappingElement] exiting modify
[TRACE MappingElement] exiting modify
[TRACE StringElement] Content modified
[TRACE MappingElement] entering modify
[TRACE MappingElement] entering modify
[TRACE MappingElement] exiting modify
[TRACE MappingElement] exiting modify
[TRACE StringElement] Content modified
[TRACE MappingElement] entering modify
[TRACE MappingElement] entering modify
[TRACE MappingElement] exiting modify
[TRACE MappingElement] exiting modify
[TRACE StringElement] Content modified
[TRACE MappingElement] entering modify
[TRACE MappingElement] entering modify
[TRACE MappingElement] exiting modify
[TRACE MappingElement] exiting modify
[TRACE StringElement] Content modified
[TRACE MappingElement] entering modify
[TRACE MappingElement] entering modify
[TRACE MappingElement] exiting modify
[TRACE MappingElement] exiting modify
[DEBUG Entry] Entering merge: Merge [pwentry]: 7471616236999443456 with [pwentry]: 6356125084449362944
[TRACE MappingElement] entering getNewest
[TRACE MappingElement] This is newer 2008-09-21T16:51:30.346+02:00 than 2008-09-21T15:51:30.346+02:00
[TRACE MappingElement] exiting getNewest
[DEBUG StringElement] Merging [name]: 3232224557538184192 with [name]: 2842091493257955328
[TRACE MappingElement] entering getNewest
[TRACE MappingElement] This is newer 2012-01-13T23:06:13.261+01:00 than 2012-01-13T23:06:13.258+01:00
[TRACE MappingElement] exiting getNewest
[TRACE Entry] Merged key set contains 5 child nodes
[TRACE Entry] Merging child nodes [remark]: 4361422045325974528 and [remark]: 74767839824249856
[DEBUG StringElement] Merging [remark]: 4361422045325974528 with [remark]: 74767839824249856
[TRACE MappingElement] entering getNewest
[TRACE MappingElement] This is newer 2008-09-21T16:51:30.346+02:00 than 2008-09-21T15:51:30.346+02:00
[TRACE MappingElement] exiting getNewest
[TRACE Entry] Node present in both, selecting [remark]: 4361422045325974528
[TRACE Entry] Merging child nodes [email]: 5816186976180185088 and [email]: 5144851175053922304
[DEBUG StringElement] Merging [email]: 5816186976180185088 with [email]: 5144851175053922304
[TRACE MappingElement] entering getNewest
[TRACE MappingElement] This is newer 2008-09-21T16:51:30.346+02:00 than 2008-09-21T15:51:30.346+02:00
[TRACE MappingElement] exiting getNewest
[TRACE Entry] Node present in both, selecting [email]: 5816186976180185088
[TRACE Entry] Merging child nodes [user]: 8361417514105481216 and [user]: 4008695099274619904
[DEBUG StringElement] Merging [user]: 8361417514105481216 with [user]: 4008695099274619904
[TRACE MappingElement] entering getNewest
[TRACE MappingElement] This is newer 2008-09-21T16:51:30.346+02:00 than 2008-09-21T15:51:30.346+02:00
[TRACE MappingElement] exiting getNewest
[TRACE Entry] Node present in both, selecting [user]: 8361417514105481216
[TRACE Entry] Merging child nodes [password]: 7113726855087196160 and [password]: 7390076328183472128
[DEBUG StringElement] Merging [password]: 7113726855087196160 with [password]: 7390076328183472128
[TRACE MappingElement] entering getNewest
[TRACE MappingElement] This is older 2008-09-21T16:51:30.346+02:00 than 2008-09-22T00:00:00.000+02:00
[TRACE MappingElement] exiting getNewest
[TRACE Entry] Node present in both, selecting [password]: 7390076328183472128
[TRACE Entry] Merging child nodes [url]: 7513603127803067392 and [url]: 2916098064175570944
[DEBUG StringElement] Merging [url]: 7513603127803067392 with [url]: 2916098064175570944
[TRACE MappingElement] entering getNewest
[TRACE MappingElement] This is newer 2008-09-21T16:51:30.346+02:00 than 2008-09-21T15:51:30.346+02:00
[TRACE MappingElement] exiting getNewest
[TRACE Entry] Node present in both, selecting [url]: 7513603127803067392
[DEBUG Entry] Exiting merge, resulting in [pwentry]: 7471616236999443456
[DEBUG MappingElement] entering constructor
[TRACE MappingElement] entering createNow
[TRACE MappingElement] entering createUid
[TRACE MappingElement] exiting createUid
[TRACE MappingElement] exiting createNow
[DEBUG MappingElement] exiting constructor
[DEBUG MappingElement] entering constructor
[TRACE MappingElement] entering createNow
[TRACE MappingElement] entering createUid
[TRACE MappingElement] exiting createUid
[TRACE MappingElement] exiting createNow
[DEBUG MappingElement] exiting constructor
[DEBUG Entry] entering constructor from parameters
[TRACE PWEntry] entering initChildren
[TRACE Entry] Adding String property url
[DEBUG MappingElement] entering constructor
[TRACE MappingElement] entering createNow
[TRACE MappingElement] entering createUid
[TRACE MappingElement] exiting createUid
[TRACE MappingElement] exiting createNow
[DEBUG MappingElement] exiting constructor
[TRACE Entry] Adding String property user
[DEBUG MappingElement] entering constructor
[TRACE MappingElement] entering createNow
[TRACE MappingElement] entering createUid
[TRACE MappingElement] exiting createUid
[TRACE MappingElement] exiting createNow
[DEBUG MappingElement] exiting constructor
[TRACE Entry] Adding String property password
[DEBUG MappingElement] entering constructor
[TRACE MappingElement] entering createNow
[TRACE MappingElement] entering createUid
[TRACE MappingElement] exiting createUid
[TRACE MappingElement] exiting createNow
[DEBUG MappingElement] exiting constructor
[TRACE Entry] Adding String property remark
[DEBUG MappingElement] entering constructor
[TRACE MappingElement] entering createNow
[TRACE MappingElement] entering createUid
[TRACE MappingElement] exiting createUid
[TRACE MappingElement] exiting createNow
[DEBUG MappingElement] exiting constructor
[TRACE Entry] Adding String property email
[DEBUG MappingElement] entering constructor
[TRACE MappingElement] entering createNow
[TRACE MappingElement] entering createUid
[TRACE MappingElement] exiting createUid
[TRACE MappingElement] exiting createNow
[DEBUG MappingElement] exiting constructor
[TRACE PWEntry] exiting initChildren
[DEBUG Entry] exiting constructor
[TRACE StringElement] Content modified
[TRACE MappingElement] entering modify
[TRACE MappingElement] entering modify
[TRACE MappingElement] exiting modify
[TRACE MappingElement] exiting modify
[TRACE StringElement] Content modified
[TRACE MappingElement] entering modify
[TRACE MappingElement] entering modify
[TRACE MappingElement] exiting modify
[TRACE MappingElement] exiting modify
[TRACE StringElement] Content modified
[TRACE MappingElement] entering modify
[TRACE MappingElement] entering modify
[TRACE MappingElement] exiting modify
[TRACE MappingElement] exiting modify
[TRACE StringElement] Content modified
[TRACE MappingElement] entering modify
[TRACE MappingElement] entering modify
[TRACE MappingElement] exiting modify
[TRACE MappingElement] exiting modify
[TRACE StringElement] Content modified
[TRACE MappingElement] entering modify
[TRACE MappingElement] entering modify
[TRACE MappingElement] exiting modify
[TRACE MappingElement] exiting modify
[TRACE StringElement] Content modified
[TRACE MappingElement] entering modify
[TRACE MappingElement] entering modify
[TRACE MappingElement] exiting modify
[TRACE MappingElement] exiting modify
[DEBUG MappingElement] entering constructor
[TRACE MappingElement] entering createNow
[TRACE MappingElement] entering createUid
[TRACE MappingElement] exiting createUid
[TRACE MappingElement] exiting createNow
[DEBUG MappingElement] exiting constructor
[DEBUG MappingElement] entering constructor
[TRACE MappingElement] entering createNow
[TRACE MappingElement] entering createUid
[TRACE MappingElement] exiting createUid
[TRACE MappingElement] exiting createNow
[DEBUG MappingElement] exiting constructor
[DEBUG Entry] entering constructor from parameters
[TRACE PWEntry] entering initChildren
[TRACE Entry] Adding String property url
[DEBUG MappingElement] entering constructor
[TRACE MappingElement] entering createNow
[TRACE MappingElement] entering createUid
[TRACE MappingElement] exiting createUid
[TRACE MappingElement] exiting createNow
[DEBUG MappingElement] exiting constructor
[TRACE Entry] Adding String property user
[DEBUG MappingElement] entering constructor
[TRACE MappingElement] entering createNow
[TRACE MappingElement] entering createUid
[TRACE MappingElement] exiting createUid
[TRACE MappingElement] exiting createNow
[DEBUG MappingElement] exiting constructor
[TRACE Entry] Adding String property password
[DEBUG MappingElement] entering constructor
[TRACE MappingElement] entering createNow
[TRACE MappingElement] entering createUid
[TRACE MappingElement] exiting createUid
[TRACE MappingElement] exiting createNow
[DEBUG MappingElement] exiting constructor
[TRACE Entry] Adding String property remark
[DEBUG MappingElement] entering constructor
[TRACE MappingElement] entering createNow
[TRACE MappingElement] entering createUid
[TRACE MappingElement] exiting createUid
[TRACE MappingElement] exiting createNow
[DEBUG MappingElement] exiting constructor
[TRACE Entry] Adding String property email
[DEBUG MappingElement] entering constructor
[TRACE MappingElement] entering createNow
[TRACE MappingElement] entering createUid
[TRACE MappingElement] exiting createUid
[TRACE MappingElement] exiting createNow
[DEBUG MappingElement] exiting constructor
[TRACE PWEntry] exiting initChildren
[DEBUG Entry] exiting constructor
[TRACE StringElement] Content modified
[TRACE MappingElement] entering modify
[TRACE MappingElement] entering modify
[TRACE MappingElement] exiting modify
[TRACE MappingElement] exiting modify
[TRACE StringElement] Content modified
[TRACE MappingElement] entering modify
[TRACE MappingElement] entering modify
[TRACE MappingElement] exiting modify
[TRACE MappingElement] exiting modify
[TRACE StringElement] Content modified
[TRACE MappingElement] entering modify
[TRACE MappingElement] entering modify
[TRACE MappingElement] exiting modify
[TRACE MappingElement] exiting modify
[TRACE StringElement] Content modified
[TRACE MappingElement] entering modify
[TRACE MappingElement] entering modify
[TRACE MappingElement] exiting modify
[TRACE MappingElement] exiting modify
[TRACE StringElement] Content modified
[TRACE MappingElement] entering modify
[TRACE MappingElement] entering modify
[TRACE MappingElement] exiting modify
[TRACE MappingElement] exiting modify
[TRACE StringElement] Content modified
[TRACE MappingElement] entering modify
[TRACE MappingElement] entering modify
[TRACE MappingElement] exiting modify
[TRACE MappingElement] exiting modify
[DEBUG Entry] Entering merge: Merge [pwentry]: 5366000260104673280 with [pwentry]: 7577798153907216384
[TRACE MappingElement] entering getNewest
[TRACE MappingElement] This is older 2008-09-21T15:51:30.346+02:00 than 2008-09-21T16:51:30.346+02:00
[TRACE MappingElement] exiting getNewest
[DEBUG StringElement] Merging [name]: 9053221894134269952 with [name]: 5432029774776257536
[TRACE MappingElement] entering getNewest
[TRACE MappingElement] This is older 2012-01-13T23:06:13.265+01:00 than 2012-01-13T23:06:13.269+01:00
[TRACE MappingElement] exiting getNewest
[TRACE Entry] Merged key set contains 5 child nodes
[TRACE Entry] Merging child nodes [remark]: 7971163804541928448 and [remark]: 1066266914902243328
[DEBUG StringElement] Merging [remark]: 7971163804541928448 with [remark]: 1066266914902243328
[TRACE MappingElement] entering getNewest
[TRACE MappingElement] This is older 2008-09-21T15:51:30.346+02:00 than 2008-09-21T16:51:30.346+02:00
[TRACE MappingElement] exiting getNewest
[TRACE Entry] Node present in both, selecting [remark]: 1066266914902243328
[TRACE Entry] Merging child nodes [email]: 4056100925263270912 and [email]: 7099394659618928640
[DEBUG StringElement] Merging [email]: 4056100925263270912 with [email]: 7099394659618928640
[TRACE MappingElement] entering getNewest
[TRACE MappingElement] This is older 2008-09-21T15:51:30.346+02:00 than 2008-09-21T16:51:30.346+02:00
[TRACE MappingElement] exiting getNewest
[TRACE Entry] Node present in both, selecting [email]: 7099394659618928640
[TRACE Entry] Merging child nodes [user]: 4649980443151474688 and [user]: 7264694169328322560
[DEBUG StringElement] Merging [user]: 4649980443151474688 with [user]: 7264694169328322560
[TRACE MappingElement] entering getNewest
[TRACE MappingElement] This is older 2008-09-21T15:51:30.346+02:00 than 2008-09-21T16:51:30.346+02:00
[TRACE MappingElement] exiting getNewest
[TRACE Entry] Node present in both, selecting [user]: 7264694169328322560
[TRACE Entry] Merging child nodes [password]: 4356133088659451904 and [password]: 4695076625751694336
[DEBUG StringElement] Merging [password]: 4356133088659451904 with [password]: 4695076625751694336
[TRACE MappingElement] entering getNewest
[TRACE MappingElement] This is newer 2008-09-22T00:00:00.000+02:00 than 2008-09-21T16:51:30.346+02:00
[TRACE MappingElement] exiting getNewest
[TRACE Entry] Node present in both, selecting [password]: 4356133088659451904
[TRACE Entry] Merging child nodes [url]: 2975924736335021056 and [url]: 9215044672844602368
[DEBUG StringElement] Merging [url]: 2975924736335021056 with [url]: 9215044672844602368
[TRACE MappingElement] entering getNewest
[TRACE MappingElement] This is older 2008-09-21T15:51:30.346+02:00 than 2008-09-21T16:51:30.346+02:00
[TRACE MappingElement] exiting getNewest
[TRACE Entry] Node present in both, selecting [url]: 9215044672844602368
[DEBUG Entry] Exiting merge, resulting in [pwentry]: 7577798153907216384
]]></system-out>

      <system-err><![CDATA[]]></system-err>

  </testsuite>
  <testsuite errors="0" failures="0" hostname="Jans-MacBook-Pro.local" id="3" name="PWEntryTest" package="de.petranek.syncyoursecrets.model.pw" tests="1" time="0.012" timestamp="2012-01-13T22:06:13">
      <properties>
[...]
</properties>

      <testcase classname="de.petranek.syncyoursecrets.model.pw.PWEntryTest" name="testRoundTrip" time="0.0090" />

      <system-out><![CDATA[[DEBUG XmlSerializeTool] entering createDocument
[DEBUG XmlSerializeTool] exiting createDocument
[DEBUG MappingElement] entering constructor
[TRACE MappingElement] entering createNow
[TRACE MappingElement] entering createUid
[TRACE MappingElement] exiting createUid
[TRACE MappingElement] exiting createNow
[DEBUG MappingElement] exiting constructor
[DEBUG MappingElement] entering constructor
[TRACE MappingElement] entering createNow
[TRACE MappingElement] entering createUid
[TRACE MappingElement] exiting createUid
[TRACE MappingElement] exiting createNow
[DEBUG MappingElement] exiting constructor
[DEBUG Entry] entering constructor from parameters
[TRACE PWEntry] entering initChildren
[TRACE Entry] Adding String property url
[DEBUG MappingElement] entering constructor
[TRACE MappingElement] entering createNow
[TRACE MappingElement] entering createUid
[TRACE MappingElement] exiting createUid
[TRACE MappingElement] exiting createNow
[DEBUG MappingElement] exiting constructor
[TRACE Entry] Adding String property user
[DEBUG MappingElement] entering constructor
[TRACE MappingElement] entering createNow
[TRACE MappingElement] entering createUid
[TRACE MappingElement] exiting createUid
[TRACE MappingElement] exiting createNow
[DEBUG MappingElement] exiting constructor
[TRACE Entry] Adding String property password
[DEBUG MappingElement] entering constructor
[TRACE MappingElement] entering createNow
[TRACE MappingElement] entering createUid
[TRACE MappingElement] exiting createUid
[TRACE MappingElement] exiting createNow
[DEBUG MappingElement] exiting constructor
[TRACE Entry] Adding String property remark
[DEBUG MappingElement] entering constructor
[TRACE MappingElement] entering createNow
[TRACE MappingElement] entering createUid
[TRACE MappingElement] exiting createUid
[TRACE MappingElement] exiting createNow
[DEBUG MappingElement] exiting constructor
[TRACE Entry] Adding String property email
[DEBUG MappingElement] entering constructor
[TRACE MappingElement] entering createNow
[TRACE MappingElement] entering createUid
[TRACE MappingElement] exiting createUid
[TRACE MappingElement] exiting createNow
[DEBUG MappingElement] exiting constructor
[TRACE PWEntry] exiting initChildren
[DEBUG Entry] exiting constructor
[TRACE StringElement] Content modified
[TRACE MappingElement] entering modify
[TRACE MappingElement] entering modify
[TRACE MappingElement] exiting modify
[TRACE MappingElement] exiting modify
[TRACE StringElement] Content modified
[TRACE MappingElement] entering modify
[TRACE MappingElement] entering modify
[TRACE MappingElement] exiting modify
[TRACE MappingElement] exiting modify
[TRACE StringElement] Content modified
[TRACE MappingElement] entering modify
[TRACE MappingElement] entering modify
[TRACE MappingElement] exiting modify
[TRACE MappingElement] exiting modify
[TRACE StringElement] Content modified
[TRACE MappingElement] entering modify
[TRACE MappingElement] entering modify
[TRACE MappingElement] exiting modify
[TRACE MappingElement] exiting modify
[TRACE StringElement] Content modified
[TRACE MappingElement] entering modify
[TRACE MappingElement] entering modify
[TRACE MappingElement] exiting modify
[TRACE MappingElement] exiting modify
[TRACE StringElement] Content modified
[TRACE MappingElement] entering modify
[TRACE MappingElement] entering modify
[TRACE MappingElement] exiting modify
[TRACE MappingElement] exiting modify
[DEBUG Entry] Entering toXml at [pwentry]: 3425493475597961216
[DEBUG NamedElement] Entering toXml at [pwentry]: 3425493475597961216
[DEBUG MappingElement] entering toXml at [pwentry]: 3425493475597961216
[DEBUG MappingElement] exiting toXml at [pwentry]: 3425493475597961216
[DEBUG StringElement] Entering serialize to XML for [name]: 4772481868413128704
[DEBUG MappingElement] entering toXml at [name]: 4772481868413128704
[DEBUG MappingElement] exiting toXml at [name]: 4772481868413128704
[DEBUG StringElement] Exiting serialize to XML
[TRACE NamedElement] Serialized child [name]: 4772481868413128704
[DEBUG NamedElement] Exiting toXml
[DEBUG Entry] Going to serialize 5 children
[DEBUG StringElement] Entering serialize to XML for [email]: 6761337067826217984
[DEBUG MappingElement] entering toXml at [email]: 6761337067826217984
[DEBUG MappingElement] exiting toXml at [email]: 6761337067826217984
[DEBUG StringElement] Exiting serialize to XML
[TRACE Entry] Serialized child [email]: 6761337067826217984
[DEBUG StringElement] Entering serialize to XML for [remark]: 6148480270435178496
[DEBUG MappingElement] entering toXml at [remark]: 6148480270435178496
[DEBUG MappingElement] exiting toXml at [remark]: 6148480270435178496
[DEBUG StringElement] Exiting serialize to XML
[TRACE Entry] Serialized child [remark]: 6148480270435178496
[DEBUG StringElement] Entering serialize to XML for [password]: 5339110079617089536
[DEBUG MappingElement] entering toXml at [password]: 5339110079617089536
[DEBUG MappingElement] exiting toXml at [password]: 5339110079617089536
[DEBUG StringElement] Exiting serialize to XML
[TRACE Entry] Serialized child [password]: 5339110079617089536
[DEBUG StringElement] Entering serialize to XML for [user]: 4137822781108884480
[DEBUG MappingElement] entering toXml at [user]: 4137822781108884480
[DEBUG MappingElement] exiting toXml at [user]: 4137822781108884480
[DEBUG StringElement] Exiting serialize to XML
[TRACE Entry] Serialized child [user]: 4137822781108884480
[DEBUG StringElement] Entering serialize to XML for [url]: 1178715274815194112
[DEBUG MappingElement] entering toXml at [url]: 1178715274815194112
[DEBUG MappingElement] exiting toXml at [url]: 1178715274815194112
[DEBUG StringElement] Exiting serialize to XML
[TRACE Entry] Serialized child [url]: 1178715274815194112
[DEBUG Entry] Exiting toXml
[DEBUG MappingElement] entering constructor
[TRACE MappingElement] entering createNow
[TRACE MappingElement] entering createUid
[TRACE MappingElement] exiting createUid
[TRACE MappingElement] exiting createNow
[DEBUG MappingElement] exiting constructor
[DEBUG MappingElement] entering Constructor from XML Element
[DEBUG MappingElement] Version is 2
[DEBUG MappingElement] exiting Constructor from XML Element
[DEBUG NamedElement] Found name property
[DEBUG MappingElement] entering constructor
[TRACE MappingElement] entering createNow
[TRACE MappingElement] entering createUid
[TRACE MappingElement] exiting createUid
[TRACE MappingElement] exiting createNow
[DEBUG MappingElement] exiting constructor
[DEBUG MappingElement] entering Constructor from XML Element
[DEBUG MappingElement] exiting Constructor from XML Element
[DEBUG StringElement] entering constructor from Xml
[DEBUG StringElement] exiting constructor from Xml
[DEBUG Entry] entering constructor from XML
[TRACE PWEntry] entering initChildren
[TRACE Entry] Adding String property url
[DEBUG MappingElement] entering constructor
[TRACE MappingElement] entering createNow
[TRACE MappingElement] entering createUid
[TRACE MappingElement] exiting createUid
[TRACE MappingElement] exiting createNow
[DEBUG MappingElement] exiting constructor
[TRACE Entry] Adding String property user
[DEBUG MappingElement] entering constructor
[TRACE MappingElement] entering createNow
[TRACE MappingElement] entering createUid
[TRACE MappingElement] exiting createUid
[TRACE MappingElement] exiting createNow
[DEBUG MappingElement] exiting constructor
[TRACE Entry] Adding String property password
[DEBUG MappingElement] entering constructor
[TRACE MappingElement] entering createNow
[TRACE MappingElement] entering createUid
[TRACE MappingElement] exiting createUid
[TRACE MappingElement] exiting createNow
[DEBUG MappingElement] exiting constructor
[TRACE Entry] Adding String property remark
[DEBUG MappingElement] entering constructor
[TRACE MappingElement] entering createNow
[TRACE MappingElement] entering createUid
[TRACE MappingElement] exiting createUid
[TRACE MappingElement] exiting createNow
[DEBUG MappingElement] exiting constructor
[TRACE Entry] Adding String property email
[DEBUG MappingElement] entering constructor
[TRACE MappingElement] entering createNow
[TRACE MappingElement] entering createUid
[TRACE MappingElement] exiting createUid
[TRACE MappingElement] exiting createNow
[DEBUG MappingElement] exiting constructor
[TRACE PWEntry] exiting initChildren
[DEBUG Entry] Adding child element for node email
[DEBUG MappingElement] entering constructor
[TRACE MappingElement] entering createNow
[TRACE MappingElement] entering createUid
[TRACE MappingElement] exiting createUid
[TRACE MappingElement] exiting createNow
[DEBUG MappingElement] exiting constructor
[DEBUG MappingElement] entering Constructor from XML Element
[DEBUG MappingElement] exiting Constructor from XML Element
[DEBUG StringElement] entering constructor from Xml
[DEBUG StringElement] exiting constructor from Xml
[DEBUG Entry] Adding child element for node remark
[DEBUG MappingElement] entering constructor
[TRACE MappingElement] entering createNow
[TRACE MappingElement] entering createUid
[TRACE MappingElement] exiting createUid
[TRACE MappingElement] exiting createNow
[DEBUG MappingElement] exiting constructor
[DEBUG MappingElement] entering Constructor from XML Element
[DEBUG MappingElement] exiting Constructor from XML Element
[DEBUG StringElement] entering constructor from Xml
[DEBUG StringElement] exiting constructor from Xml
[DEBUG Entry] Adding child element for node password
[DEBUG MappingElement] entering constructor
[TRACE MappingElement] entering createNow
[TRACE MappingElement] entering createUid
[TRACE MappingElement] exiting createUid
[TRACE MappingElement] exiting createNow
[DEBUG MappingElement] exiting constructor
[DEBUG MappingElement] entering Constructor from XML Element
[DEBUG MappingElement] exiting Constructor from XML Element
[DEBUG StringElement] entering constructor from Xml
[DEBUG StringElement] exiting constructor from Xml
[DEBUG Entry] Adding child element for node user
[DEBUG MappingElement] entering constructor
[TRACE MappingElement] entering createNow
[TRACE MappingElement] entering createUid
[TRACE MappingElement] exiting createUid
[TRACE MappingElement] exiting createNow
[DEBUG MappingElement] exiting constructor
[DEBUG MappingElement] entering Constructor from XML Element
[DEBUG MappingElement] exiting Constructor from XML Element
[DEBUG StringElement] entering constructor from Xml
[DEBUG StringElement] exiting constructor from Xml
[DEBUG Entry] Adding child element for node url
[DEBUG MappingElement] entering constructor
[TRACE MappingElement] entering createNow
[TRACE MappingElement] entering createUid
[TRACE MappingElement] exiting createUid
[TRACE MappingElement] exiting createNow
[DEBUG MappingElement] exiting constructor
[DEBUG MappingElement] entering Constructor from XML Element
[DEBUG MappingElement] exiting Constructor from XML Element
[DEBUG StringElement] entering constructor from Xml
[DEBUG StringElement] exiting constructor from Xml
[DEBUG Entry] exiting constructor from XML
]]></system-out>

      <system-err><![CDATA[]]></system-err>

  </testsuite>
  <testsuite errors="0" failures="0" hostname="Jans-MacBook-Pro.local" id="4" name="PWEntryUpdateTest" package="de.petranek.syncyoursecrets.model.pw" tests="2" time="0.0080" timestamp="2012-01-13T22:06:13">
      <properties>
[...]
</properties>

      <testcase classname="de.petranek.syncyoursecrets.model.pw.PWEntryUpdateTest" name="testUpdateName" time="0.0030" />

      <testcase classname="de.petranek.syncyoursecrets.model.pw.PWEntryUpdateTest" name="testPropagateChange" time="0.0020" />

      <system-out><![CDATA[[DEBUG MappingElement] entering constructor
[TRACE MappingElement] entering createNow
[TRACE MappingElement] entering createUid
[TRACE MappingElement] exiting createUid
[TRACE MappingElement] exiting createNow
[DEBUG MappingElement] exiting constructor
[DEBUG MappingElement] entering constructor
[TRACE MappingElement] entering createNow
[TRACE MappingElement] entering createUid
[TRACE MappingElement] exiting createUid
[TRACE MappingElement] exiting createNow
[DEBUG MappingElement] exiting constructor
[DEBUG Entry] entering constructor from parameters
[TRACE PWEntry] entering initChildren
[TRACE Entry] Adding String property url
[DEBUG MappingElement] entering constructor
[TRACE MappingElement] entering createNow
[TRACE MappingElement] entering createUid
[TRACE MappingElement] exiting createUid
[TRACE MappingElement] exiting createNow
[DEBUG MappingElement] exiting constructor
[TRACE Entry] Adding String property user
[DEBUG MappingElement] entering constructor
[TRACE MappingElement] entering createNow
[TRACE MappingElement] entering createUid
[TRACE MappingElement] exiting createUid
[TRACE MappingElement] exiting createNow
[DEBUG MappingElement] exiting constructor
[TRACE Entry] Adding String property password
[DEBUG MappingElement] entering constructor
[TRACE MappingElement] entering createNow
[TRACE MappingElement] entering createUid
[TRACE MappingElement] exiting createUid
[TRACE MappingElement] exiting createNow
[DEBUG MappingElement] exiting constructor
[TRACE Entry] Adding String property remark
[DEBUG MappingElement] entering constructor
[TRACE MappingElement] entering createNow
[TRACE MappingElement] entering createUid
[TRACE MappingElement] exiting createUid
[TRACE MappingElement] exiting createNow
[DEBUG MappingElement] exiting constructor
[TRACE Entry] Adding String property email
[DEBUG MappingElement] entering constructor
[TRACE MappingElement] entering createNow
[TRACE MappingElement] entering createUid
[TRACE MappingElement] exiting createUid
[TRACE MappingElement] exiting createNow
[DEBUG MappingElement] exiting constructor
[TRACE PWEntry] exiting initChildren
[DEBUG Entry] exiting constructor
[TRACE StringElement] Content modified
[TRACE MappingElement] entering modify
[TRACE MappingElement] entering modify
[TRACE MappingElement] exiting modify
[TRACE MappingElement] exiting modify
[TRACE StringElement] Content modified
[TRACE MappingElement] entering modify
[TRACE MappingElement] entering modify
[TRACE MappingElement] exiting modify
[TRACE MappingElement] exiting modify
[TRACE StringElement] Content modified
[TRACE MappingElement] entering modify
[TRACE MappingElement] entering modify
[TRACE MappingElement] exiting modify
[TRACE MappingElement] exiting modify
[TRACE StringElement] Content modified
[TRACE MappingElement] entering modify
[TRACE MappingElement] entering modify
[TRACE MappingElement] exiting modify
[TRACE MappingElement] exiting modify
[TRACE StringElement] Content modified
[TRACE MappingElement] entering modify
[TRACE MappingElement] entering modify
[TRACE MappingElement] exiting modify
[TRACE MappingElement] exiting modify
[TRACE StringElement] Content modified
[TRACE MappingElement] entering modify
[TRACE MappingElement] entering modify
[TRACE MappingElement] exiting modify
[TRACE MappingElement] exiting modify
[TRACE StringElement] Content modified
[TRACE MappingElement] entering modify
[TRACE MappingElement] entering modify
[TRACE MappingElement] exiting modify
[TRACE MappingElement] exiting modify
[DEBUG MappingElement] entering constructor
[TRACE MappingElement] entering createNow
[TRACE MappingElement] entering createUid
[TRACE MappingElement] exiting createUid
[TRACE MappingElement] exiting createNow
[DEBUG MappingElement] exiting constructor
[DEBUG MappingElement] entering constructor
[TRACE MappingElement] entering createNow
[TRACE MappingElement] entering createUid
[TRACE MappingElement] exiting createUid
[TRACE MappingElement] exiting createNow
[DEBUG MappingElement] exiting constructor
[DEBUG Entry] entering constructor from parameters
[TRACE PWEntry] entering initChildren
[TRACE Entry] Adding String property url
[DEBUG MappingElement] entering constructor
[TRACE MappingElement] entering createNow
[TRACE MappingElement] entering createUid
[TRACE MappingElement] exiting createUid
[TRACE MappingElement] exiting createNow
[DEBUG MappingElement] exiting constructor
[TRACE Entry] Adding String property user
[DEBUG MappingElement] entering constructor
[TRACE MappingElement] entering createNow
[TRACE MappingElement] entering createUid
[TRACE MappingElement] exiting createUid
[TRACE MappingElement] exiting createNow
[DEBUG MappingElement] exiting constructor
[TRACE Entry] Adding String property password
[DEBUG MappingElement] entering constructor
[TRACE MappingElement] entering createNow
[TRACE MappingElement] entering createUid
[TRACE MappingElement] exiting createUid
[TRACE MappingElement] exiting createNow
[DEBUG MappingElement] exiting constructor
[TRACE Entry] Adding String property remark
[DEBUG MappingElement] entering constructor
[TRACE MappingElement] entering createNow
[TRACE MappingElement] entering createUid
[TRACE MappingElement] exiting createUid
[TRACE MappingElement] exiting createNow
[DEBUG MappingElement] exiting constructor
[TRACE Entry] Adding String property email
[DEBUG MappingElement] entering constructor
[TRACE MappingElement] entering createNow
[TRACE MappingElement] entering createUid
[TRACE MappingElement] exiting createUid
[TRACE MappingElement] exiting createNow
[DEBUG MappingElement] exiting constructor
[TRACE PWEntry] exiting initChildren
[DEBUG Entry] exiting constructor
[TRACE StringElement] Content modified
[TRACE MappingElement] entering modify
[TRACE MappingElement] entering modify
[TRACE MappingElement] exiting modify
[TRACE MappingElement] exiting modify
[TRACE StringElement] Content modified
[TRACE MappingElement] entering modify
[TRACE MappingElement] entering modify
[TRACE MappingElement] exiting modify
[TRACE MappingElement] exiting modify
[TRACE StringElement] Content modified
[TRACE MappingElement] entering modify
[TRACE MappingElement] entering modify
[TRACE MappingElement] exiting modify
[TRACE MappingElement] exiting modify
[TRACE StringElement] Content modified
[TRACE MappingElement] entering modify
[TRACE MappingElement] entering modify
[TRACE MappingElement] exiting modify
[TRACE MappingElement] exiting modify
[TRACE StringElement] Content modified
[TRACE MappingElement] entering modify
[TRACE MappingElement] entering modify
[TRACE MappingElement] exiting modify
[TRACE MappingElement] exiting modify
[TRACE StringElement] Content modified
[TRACE MappingElement] entering modify
[TRACE MappingElement] entering modify
[TRACE MappingElement] exiting modify
[TRACE MappingElement] exiting modify
[TRACE StringElement] Content modified
[TRACE MappingElement] entering modify
[TRACE MappingElement] entering modify
[TRACE MappingElement] exiting modify
[TRACE MappingElement] exiting modify
]]></system-out>

      <system-err><![CDATA[]]></system-err>

  </testsuite>
  <testsuite errors="0" failures="0" hostname="Jans-MacBook-Pro.local" id="5" name="PWListWithEntriesTest" package="de.petranek.syncyoursecrets.model.pw" tests="3" time="0.104" timestamp="2012-01-13T22:06:13">
      <properties>
[...]
</properties>

      <testcase classname="de.petranek.syncyoursecrets.model.pw.PWListWithEntriesTest" name="testRoundTrip" time="0.054" />

      <testcase classname="de.petranek.syncyoursecrets.model.pw.PWListWithEntriesTest" name="testRegressionV001" time="0.027" />

      <testcase classname="de.petranek.syncyoursecrets.model.pw.PWListWithEntriesTest" name="testSpecialCharacters" time="0.02" />

      <system-out><![CDATA[[DEBUG XmlSerializeTool] entering createDocument
[DEBUG XmlSerializeTool] exiting createDocument
[DEBUG MappingElement] entering constructor
[TRACE MappingElement] entering createNow
[TRACE MappingElement] entering createUid
[TRACE MappingElement] exiting createUid
[TRACE MappingElement] exiting createNow
[DEBUG MappingElement] exiting constructor
[DEBUG MappingElement] entering constructor
[TRACE MappingElement] entering createNow
[TRACE MappingElement] entering createUid
[TRACE MappingElement] exiting createUid
[TRACE MappingElement] exiting createNow
[DEBUG MappingElement] exiting constructor
[DEBUG MappingElement] entering constructor
[TRACE MappingElement] entering createNow
[TRACE MappingElement] entering createUid
[TRACE MappingElement] exiting createUid
[TRACE MappingElement] exiting createNow
[DEBUG MappingElement] exiting constructor
[DEBUG MappingElement] entering constructor
[TRACE MappingElement] entering createNow
[TRACE MappingElement] entering createUid
[TRACE MappingElement] exiting createUid
[TRACE MappingElement] exiting createNow
[DEBUG MappingElement] exiting constructor
[DEBUG Entry] entering constructor from parameters
[TRACE PWEntry] entering initChildren
[TRACE Entry] Adding String property url
[DEBUG MappingElement] entering constructor
[TRACE MappingElement] entering createNow
[TRACE MappingElement] entering createUid
[TRACE MappingElement] exiting createUid
[TRACE MappingElement] exiting createNow
[DEBUG MappingElement] exiting constructor
[TRACE Entry] Adding String property user
[DEBUG MappingElement] entering constructor
[TRACE MappingElement] entering createNow
[TRACE MappingElement] entering createUid
[TRACE MappingElement] exiting createUid
[TRACE MappingElement] exiting createNow
[DEBUG MappingElement] exiting constructor
[TRACE Entry] Adding String property password
[DEBUG MappingElement] entering constructor
[TRACE MappingElement] entering createNow
[TRACE MappingElement] entering createUid
[TRACE MappingElement] exiting createUid
[TRACE MappingElement] exiting createNow
[DEBUG MappingElement] exiting constructor
[TRACE Entry] Adding String property remark
[DEBUG MappingElement] entering constructor
[TRACE MappingElement] entering createNow
[TRACE MappingElement] entering createUid
[TRACE MappingElement] exiting createUid
[TRACE MappingElement] exiting createNow
[DEBUG MappingElement] exiting constructor
[TRACE Entry] Adding String property email
[DEBUG MappingElement] entering constructor
[TRACE MappingElement] entering createNow
[TRACE MappingElement] entering createUid
[TRACE MappingElement] exiting createUid
[TRACE MappingElement] exiting createNow
[DEBUG MappingElement] exiting constructor
[TRACE PWEntry] exiting initChildren
[DEBUG Entry] exiting constructor
[TRACE StringElement] Content modified
[TRACE MappingElement] entering modify
[TRACE MappingElement] entering modify
[TRACE MappingElement] exiting modify
[TRACE MappingElement] exiting modify
[TRACE StringElement] Content modified
[TRACE MappingElement] entering modify
[TRACE MappingElement] entering modify
[TRACE MappingElement] exiting modify
[TRACE MappingElement] exiting modify
[TRACE StringElement] Content modified
[TRACE MappingElement] entering modify
[TRACE MappingElement] entering modify
[TRACE MappingElement] exiting modify
[TRACE MappingElement] exiting modify
[TRACE StringElement] Content modified
[TRACE MappingElement] entering modify
[TRACE MappingElement] entering modify
[TRACE MappingElement] exiting modify
[TRACE MappingElement] exiting modify
[TRACE StringElement] Content modified
[TRACE MappingElement] entering modify
[TRACE MappingElement] entering modify
[TRACE MappingElement] exiting modify
[TRACE MappingElement] exiting modify
[TRACE StringElement] Content modified
[TRACE MappingElement] entering modify
[TRACE MappingElement] entering modify
[TRACE MappingElement] exiting modify
[TRACE MappingElement] exiting modify
[DEBUG MappingElement] entering constructor
[TRACE MappingElement] entering createNow
[TRACE MappingElement] entering createUid
[TRACE MappingElement] exiting createUid
[TRACE MappingElement] exiting createNow
[DEBUG MappingElement] exiting constructor
[DEBUG MappingElement] entering constructor
[TRACE MappingElement] entering createNow
[TRACE MappingElement] entering createUid
[TRACE MappingElement] exiting createUid
[TRACE MappingElement] exiting createNow
[DEBUG MappingElement] exiting constructor
[DEBUG Entry] entering constructor from parameters
[TRACE PWEntry] entering initChildren
[TRACE Entry] Adding String property url
[DEBUG MappingElement] entering constructor
[TRACE MappingElement] entering createNow
[TRACE MappingElement] entering createUid
[TRACE MappingElement] exiting createUid
[TRACE MappingElement] exiting createNow
[DEBUG MappingElement] exiting constructor
[TRACE Entry] Adding String property user
[DEBUG MappingElement] entering constructor
[TRACE MappingElement] entering createNow
[TRACE MappingElement] entering createUid
[TRACE MappingElement] exiting createUid
[TRACE MappingElement] exiting createNow
[DEBUG MappingElement] exiting constructor
[TRACE Entry] Adding String property password
[DEBUG MappingElement] entering constructor
[TRACE MappingElement] entering createNow
[TRACE MappingElement] entering createUid
[TRACE MappingElement] exiting createUid
[TRACE MappingElement] exiting createNow
[DEBUG MappingElement] exiting constructor
[TRACE Entry] Adding String property remark
[DEBUG MappingElement] entering constructor
[TRACE MappingElement] entering createNow
[TRACE MappingElement] entering createUid
[TRACE MappingElement] exiting createUid
[TRACE MappingElement] exiting createNow
[DEBUG MappingElement] exiting constructor
[TRACE Entry] Adding String property email
[DEBUG MappingElement] entering constructor
[TRACE MappingElement] entering createNow
[TRACE MappingElement] entering createUid
[TRACE MappingElement] exiting createUid
[TRACE MappingElement] exiting createNow
[DEBUG MappingElement] exiting constructor
[TRACE PWEntry] exiting initChildren
[DEBUG Entry] exiting constructor
[TRACE StringElement] Content modified
[TRACE MappingElement] entering modify
[TRACE MappingElement] entering modify
[TRACE MappingElement] exiting modify
[TRACE MappingElement] exiting modify
[TRACE StringElement] Content modified
[TRACE MappingElement] entering modify
[TRACE MappingElement] entering modify
[TRACE MappingElement] exiting modify
[TRACE MappingElement] exiting modify
[TRACE StringElement] Content modified
[TRACE MappingElement] entering modify
[TRACE MappingElement] entering modify
[TRACE MappingElement] exiting modify
[TRACE MappingElement] exiting modify
[TRACE StringElement] Content modified
[TRACE MappingElement] entering modify
[TRACE MappingElement] entering modify
[TRACE MappingElement] exiting modify
[TRACE MappingElement] exiting modify
[TRACE StringElement] Content modified
[TRACE MappingElement] entering modify
[TRACE MappingElement] entering modify
[TRACE MappingElement] exiting modify
[TRACE MappingElement] exiting modify
[TRACE StringElement] Content modified
[TRACE MappingElement] entering modify
[TRACE MappingElement] entering modify
[TRACE MappingElement] exiting modify
[TRACE MappingElement] exiting modify
[DEBUG MappingElement] entering constructor
[TRACE MappingElement] entering createNow
[TRACE MappingElement] entering createUid
[TRACE MappingElement] exiting createUid
[TRACE MappingElement] exiting createNow
[DEBUG MappingElement] exiting constructor
[DEBUG MappingElement] entering constructor
[TRACE MappingElement] entering createNow
[TRACE MappingElement] entering createUid
[TRACE MappingElement] exiting createUid
[TRACE MappingElement] exiting createNow
[DEBUG MappingElement] exiting constructor
[DEBUG Entry] entering constructor from parameters
[TRACE PWEntry] entering initChildren
[TRACE Entry] Adding String property url
[DEBUG MappingElement] entering constructor
[TRACE MappingElement] entering createNow
[TRACE MappingElement] entering createUid
[TRACE MappingElement] exiting createUid
[TRACE MappingElement] exiting createNow
[DEBUG MappingElement] exiting constructor
[TRACE Entry] Adding String property user
[DEBUG MappingElement] entering constructor
[TRACE MappingElement] entering createNow
[TRACE MappingElement] entering createUid
[TRACE MappingElement] exiting createUid
[TRACE MappingElement] exiting createNow
[DEBUG MappingElement] exiting constructor
[TRACE Entry] Adding String property password
[DEBUG MappingElement] entering constructor
[TRACE MappingElement] entering createNow
[TRACE MappingElement] entering createUid
[TRACE MappingElement] exiting createUid
[TRACE MappingElement] exiting createNow
[DEBUG MappingElement] exiting constructor
[TRACE Entry] Adding String property remark
[DEBUG MappingElement] entering constructor
[TRACE MappingElement] entering createNow
[TRACE MappingElement] entering createUid
[TRACE MappingElement] exiting createUid
[TRACE MappingElement] exiting createNow
[DEBUG MappingElement] exiting constructor
[TRACE Entry] Adding String property email
[DEBUG MappingElement] entering constructor
[TRACE MappingElement] entering createNow
[TRACE MappingElement] entering createUid
[TRACE MappingElement] exiting createUid
[TRACE MappingElement] exiting createNow
[DEBUG MappingElement] exiting constructor
[TRACE PWEntry] exiting initChildren
[DEBUG Entry] exiting constructor
[TRACE StringElement] Content modified
[TRACE MappingElement] entering modify
[TRACE MappingElement] entering modify
[TRACE MappingElement] exiting modify
[TRACE MappingElement] exiting modify
[TRACE StringElement] Content modified
[TRACE MappingElement] entering modify
[TRACE MappingElement] entering modify
[TRACE MappingElement] exiting modify
[TRACE MappingElement] exiting modify
[TRACE StringElement] Content modified
[TRACE MappingElement] entering modify
[TRACE MappingElement] entering modify
[TRACE MappingElement] exiting modify
[...]
[DEBUG Entry] exiting constructor from XML
[TRACE PWTable] Found child element [pwtableentry]: 8468237290013177856
[TRACE ListElement] Adding child element [pwtableentry]: 8468237290013177856 to [pwtable]: 6681358540755528704
[DEBUG ListElement] exiting constructor from Xml
[TRACE PWList] PWTable found[pwtable]: 6681358540755528704
[TRACE ListElement] Adding child element [pwtable]: 6681358540755528704 to [pwlist]: 5431653042826338304
[DEBUG ListElement] exiting constructor from Xml
[WARN  ListElement] Call to getElements detected; this shall not occur innormal use!
[WARN  ListElement] Call to getElements detected; this shall not occur innormal use!
[WARN  ListElement] Call to getElements detected; this shall not occur innormal use!
[WARN  ListElement] Call to getElements detected; this shall not occur innormal use!
]]></system-out>

      <system-err><![CDATA[]]></system-err>

  </testsuite>
  <testsuite errors="0" failures="0" hostname="Jans-MacBook-Pro.local" id="10" name="ResurrectionTest" package="de.petranek.syncyoursecrets.model.pw" tests="2" time="0.019" timestamp="2012-01-13T22:06:13">
      <properties>
[...]
</properties>

      <testcase classname="de.petranek.syncyoursecrets.model.pw.ResurrectionTest" name="testMergeV1" time="0.0070" />

      <testcase classname="de.petranek.syncyoursecrets.model.pw.ResurrectionTest" name="testMergeV2" time="0.0080" />

      <system-out><![CDATA[[DEBUG XmlSerializeTool] entering readFile
[DEBUG XmlSerializeTool] exiting readFile
[DEBUG MappingElement] entering constructor
[TRACE MappingElement] entering createNow
[TRACE MappingElement] entering createUid
[TRACE MappingElement] exiting createUid
[TRACE MappingElement] exiting createNow
[DEBUG MappingElement] exiting constructor
[DEBUG MappingElement] entering Constructor from XML Element
[TRACE MappingElement] Version 1 Name attribute empty for node [pwlist]: 955625731713288192
[DEBUG MappingElement] exiting Constructor from XML Element
[DEBUG ListElement] entering constructor from Xml
[DEBUG MappingElement] entering constructor
[TRACE MappingElement] entering createNow
[TRACE MappingElement] entering createUid
[TRACE MappingElement] exiting createUid
[TRACE MappingElement] exiting createNow
[DEBUG MappingElement] exiting constructor
[DEBUG MappingElement] entering Constructor from XML Element
[TRACE MappingElement] Version 1 Name attribute empty for node [pwentry]: 3382894547739726848
[DEBUG MappingElement] exiting Constructor from XML Element
[DEBUG Entry] entering constructor from XML
[DEBUG Entry] exiting constructor from XML, was already deleted
[TRACE PWList] PWEntry found[pwentry]: 3382894547739726848
[TRACE ListElement] Adding child element [pwentry]: 3382894547739726848 to [pwlist]: 955625731713288192
[DEBUG ListElement] exiting constructor from Xml
[DEBUG XmlSerializeTool] entering readFile
[DEBUG XmlSerializeTool] exiting readFile
[DEBUG MappingElement] entering constructor
[TRACE MappingElement] entering createNow
[TRACE MappingElement] entering createUid
[TRACE MappingElement] exiting createUid
[TRACE MappingElement] exiting createNow
[DEBUG MappingElement] exiting constructor
[DEBUG MappingElement] entering Constructor from XML Element
[TRACE MappingElement] Version 1 Name attribute empty for node [pwlist]: 955625731713288192
[DEBUG MappingElement] exiting Constructor from XML Element
[DEBUG ListElement] entering constructor from Xml
[DEBUG MappingElement] entering constructor
[TRACE MappingElement] entering createNow
[TRACE MappingElement] entering createUid
[TRACE MappingElement] exiting createUid
[TRACE MappingElement] exiting createNow
[DEBUG MappingElement] exiting constructor
[DEBUG MappingElement] entering Constructor from XML Element
[TRACE MappingElement] Version 1 Name attribute found for node [pwentry]: 3382894547739726848
[DEBUG MappingElement] exiting Constructor from XML Element
[DEBUG MappingElement] entering constructor
[TRACE MappingElement] entering createNow
[TRACE MappingElement] entering createUid
[TRACE MappingElement] exiting createUid
[TRACE MappingElement] exiting createNow
[DEBUG MappingElement] exiting constructor
[TRACE StringElement] Content modified
[TRACE StringElement] Skip firing modify event
[DEBUG Entry] entering constructor from XML
[TRACE PWEntry] entering initChildren
[TRACE Entry] Adding String property url
[DEBUG MappingElement] entering constructor
[TRACE MappingElement] entering createNow
[TRACE MappingElement] entering createUid
[TRACE MappingElement] exiting createUid
[TRACE MappingElement] exiting createNow
[DEBUG MappingElement] exiting constructor
[TRACE Entry] Adding String property user
[DEBUG MappingElement] entering constructor
[TRACE MappingElement] entering createNow
[TRACE MappingElement] entering createUid
[TRACE MappingElement] exiting createUid
[TRACE MappingElement] exiting createNow
[DEBUG MappingElement] exiting constructor
[TRACE Entry] Adding String property password
[DEBUG MappingElement] entering constructor
[TRACE MappingElement] entering createNow
[TRACE MappingElement] entering createUid
[TRACE MappingElement] exiting createUid
[TRACE MappingElement] exiting createNow
[DEBUG MappingElement] exiting constructor
[TRACE Entry] Adding String property remark
[DEBUG MappingElement] entering constructor
[TRACE MappingElement] entering createNow
[TRACE MappingElement] entering createUid
[TRACE MappingElement] exiting createUid
[TRACE MappingElement] exiting createNow
[DEBUG MappingElement] exiting constructor
[TRACE Entry] Adding String property email
[DEBUG MappingElement] entering constructor
[TRACE MappingElement] entering createNow
[TRACE MappingElement] entering createUid
[TRACE MappingElement] exiting createUid
[TRACE MappingElement] exiting createNow
[DEBUG MappingElement] exiting constructor
[TRACE PWEntry] exiting initChildren
[DEBUG Entry] Adding child element for node email
[DEBUG MappingElement] entering constructor
[TRACE MappingElement] entering createNow
[TRACE MappingElement] entering createUid
[TRACE MappingElement] exiting createUid
[TRACE MappingElement] exiting createNow
[DEBUG MappingElement] exiting constructor
[DEBUG MappingElement] entering Constructor from XML Element
[TRACE MappingElement] Version 1 Name attribute empty for node [email]: 9090015679875616768
[DEBUG MappingElement] exiting Constructor from XML Element
[DEBUG StringElement] entering constructor from Xml
[DEBUG StringElement] exiting constructor from Xml
[DEBUG Entry] Adding child element for node remark
[DEBUG MappingElement] entering constructor
[TRACE MappingElement] entering createNow
[TRACE MappingElement] entering createUid
[TRACE MappingElement] exiting createUid
[TRACE MappingElement] exiting createNow
[DEBUG MappingElement] exiting constructor
[DEBUG MappingElement] entering Constructor from XML Element
[TRACE MappingElement] Version 1 Name attribute empty for node [remark]: 3783277464307274752
[DEBUG MappingElement] exiting Constructor from XML Element
[DEBUG StringElement] entering constructor from Xml
[DEBUG StringElement] exiting constructor from Xml
[DEBUG Entry] Adding child element for node password
[DEBUG MappingElement] entering constructor
[TRACE MappingElement] entering createNow
[TRACE MappingElement] entering createUid
[TRACE MappingElement] exiting createUid
[TRACE MappingElement] exiting createNow
[DEBUG MappingElement] exiting constructor
[DEBUG MappingElement] entering Constructor from XML Element
[TRACE MappingElement] Version 1 Name attribute empty for node [password]: 2835265445704561664
[DEBUG MappingElement] exiting Constructor from XML Element
[DEBUG StringElement] entering constructor from Xml
[DEBUG StringElement] exiting constructor from Xml
[DEBUG Entry] Adding child element for node user
[DEBUG MappingElement] entering constructor
[TRACE MappingElement] entering createNow
[TRACE MappingElement] entering createUid
[TRACE MappingElement] exiting createUid
[TRACE MappingElement] exiting createNow
[DEBUG MappingElement] exiting constructor
[DEBUG MappingElement] entering Constructor from XML Element
[TRACE MappingElement] Version 1 Name attribute empty for node [user]: 688491166941040640
[DEBUG MappingElement] exiting Constructor from XML Element
[DEBUG StringElement] entering constructor from Xml
[DEBUG StringElement] exiting constructor from Xml
[DEBUG Entry] Adding child element for node url
[DEBUG MappingElement] entering constructor
[TRACE MappingElement] entering createNow
[TRACE MappingElement] entering createUid
[TRACE MappingElement] exiting createUid
[TRACE MappingElement] exiting createNow
[DEBUG MappingElement] exiting constructor
[DEBUG MappingElement] entering Constructor from XML Element
[TRACE MappingElement] Version 1 Name attribute empty for node [url]: 5819652679536656384
[DEBUG MappingElement] exiting Constructor from XML Element
[DEBUG StringElement] entering constructor from Xml
[DEBUG StringElement] exiting constructor from Xml
[DEBUG Entry] exiting constructor from XML
[TRACE PWList] PWEntry found[pwentry]: 3382894547739726848
[TRACE ListElement] Adding child element [pwentry]: 3382894547739726848 to [pwlist]: 955625731713288192
[DEBUG ListElement] exiting constructor from Xml
[DEBUG ListElement] entering merge, will merge [pwlist]: 955625731713288192 with [pwlist]: 955625731713288192
[TRACE MappingElement] entering getNewest
[TRACE MappingElement] This is older 2009-05-12T23:09:32.874+02:00 than 2009-05-12T23:11:34.467+02:00
[TRACE MappingElement] exiting getNewest
[DEBUG ListElement] Element [pwentry]: 3382894547739726848 found in both lists, merging
[DEBUG Entry] Entering merge: Merge [pwentry]: 3382894547739726848 with [pwentry]: 3382894547739726848
[TRACE MappingElement] entering getNewest
[TRACE MappingElement] This is older 2009-05-12T23:09:32.874+02:00 than 2009-05-12T23:11:34.467+02:00
[TRACE MappingElement] exiting getNewest
[TRACE Entry] Merged key set contains 5 child nodes
[TRACE Entry] Merging child nodes null and [remark]: 3783277464307274752
[TRACE Entry] Node only present in other, selecting [remark]: 3783277464307274752
[TRACE Entry] Merging child nodes null and [email]: 9090015679875616768
[TRACE Entry] Node only present in other, selecting [email]: 9090015679875616768
[TRACE Entry] Merging child nodes null and [user]: 688491166941040640
[TRACE Entry] Node only present in other, selecting [user]: 688491166941040640
[TRACE Entry] Merging child nodes null and [password]: 2835265445704561664
[TRACE Entry] Node only present in other, selecting [password]: 2835265445704561664
[TRACE Entry] Merging child nodes null and [url]: 5819652679536656384
[TRACE Entry] Node only present in other, selecting [url]: 5819652679536656384
[DEBUG Entry] Exiting merge, resulting in [pwentry]: 3382894547739726848
[DEBUG ListElement] Adding [pwentry]: 3382894547739726848
[DEBUG ListElement] exiting merge, resulted in [pwlist]: 955625731713288192
[WARN  ListElement] Call to getElements detected; this shall not occur innormal use!
[DEBUG XmlSerializeTool] entering readFile
[DEBUG XmlSerializeTool] exiting readFile
[DEBUG MappingElement] entering constructor
[TRACE MappingElement] entering createNow
[TRACE MappingElement] entering createUid
[TRACE MappingElement] exiting createUid
[TRACE MappingElement] exiting createNow
[DEBUG MappingElement] exiting constructor
[DEBUG MappingElement] entering Constructor from XML Element
[DEBUG MappingElement] Version is 2
[DEBUG MappingElement] exiting Constructor from XML Element
[DEBUG ListElement] entering constructor from Xml
[DEBUG MappingElement] entering constructor
[TRACE MappingElement] entering createNow
[TRACE MappingElement] entering createUid
[TRACE MappingElement] exiting createUid
[TRACE MappingElement] exiting createNow
[DEBUG MappingElement] exiting constructor
[DEBUG MappingElement] entering Constructor from XML Element
[DEBUG MappingElement] exiting Constructor from XML Element
[DEBUG Entry] entering constructor from XML
[DEBUG Entry] exiting constructor from XML, was already deleted
[TRACE PWList] PWEntry found[pwentry]: 3382894547739726848
[TRACE ListElement] Adding child element [pwentry]: 3382894547739726848 to [pwlist]: 955625731713288192
[DEBUG ListElement] exiting constructor from Xml
[DEBUG XmlSerializeTool] entering readFile
[DEBUG XmlSerializeTool] exiting readFile
[DEBUG MappingElement] entering constructor
[TRACE MappingElement] entering createNow
[TRACE MappingElement] entering createUid
[TRACE MappingElement] exiting createUid
[TRACE MappingElement] exiting createNow
[DEBUG MappingElement] exiting constructor
[DEBUG MappingElement] entering Constructor from XML Element
[DEBUG MappingElement] Version is 2
[DEBUG MappingElement] exiting Constructor from XML Element
[DEBUG ListElement] entering constructor from Xml
[DEBUG MappingElement] entering constructor
[TRACE MappingElement] entering createNow
[TRACE MappingElement] entering createUid
[TRACE MappingElement] exiting createUid
[TRACE MappingElement] exiting createNow
[DEBUG MappingElement] exiting constructor
[DEBUG MappingElement] entering Constructor from XML Element
[DEBUG MappingElement] exiting Constructor from XML Element
[DEBUG NamedElement] Found name property
[DEBUG MappingElement] entering constructor
[TRACE MappingElement] entering createNow
[TRACE MappingElement] entering createUid
[TRACE MappingElement] exiting createUid
[TRACE MappingElement] exiting createNow
[DEBUG MappingElement] exiting constructor
[DEBUG MappingElement] entering Constructor from XML Element
[DEBUG MappingElement] exiting Constructor from XML Element
[DEBUG StringElement] entering constructor from Xml
[DEBUG StringElement] exiting constructor from Xml
[DEBUG Entry] entering constructor from XML
[TRACE PWEntry] entering initChildren
[TRACE Entry] Adding String property url
[DEBUG MappingElement] entering constructor
[TRACE MappingElement] entering createNow
[TRACE MappingElement] entering createUid
[TRACE MappingElement] exiting createUid
[TRACE MappingElement] exiting createNow
[DEBUG MappingElement] exiting constructor
[TRACE Entry] Adding String property user
[DEBUG MappingElement] entering constructor
[TRACE MappingElement] entering createNow
[TRACE MappingElement] entering createUid
[TRACE MappingElement] exiting createUid
[TRACE MappingElement] exiting createNow
[DEBUG MappingElement] exiting constructor
[TRACE Entry] Adding String property password
[DEBUG MappingElement] entering constructor
[TRACE MappingElement] entering createNow
[TRACE MappingElement] entering createUid
[TRACE MappingElement] exiting createUid
[TRACE MappingElement] exiting createNow
[DEBUG MappingElement] exiting constructor
[TRACE Entry] Adding String property remark
[DEBUG MappingElement] entering constructor
[TRACE MappingElement] entering createNow
[TRACE MappingElement] entering createUid
[TRACE MappingElement] exiting createUid
[TRACE MappingElement] exiting createNow
[DEBUG MappingElement] exiting constructor
[TRACE Entry] Adding String property email
[DEBUG MappingElement] entering constructor
[TRACE MappingElement] entering createNow
[TRACE MappingElement] entering createUid
[TRACE MappingElement] exiting createUid
[TRACE MappingElement] exiting createNow
[DEBUG MappingElement] exiting constructor
[TRACE PWEntry] exiting initChildren
[DEBUG Entry] Adding child element for node email
[DEBUG MappingElement] entering constructor
[TRACE MappingElement] entering createNow
[TRACE MappingElement] entering createUid
[TRACE MappingElement] exiting createUid
[TRACE MappingElement] exiting createNow
[DEBUG MappingElement] exiting constructor
[DEBUG MappingElement] entering Constructor from XML Element
[DEBUG MappingElement] exiting Constructor from XML Element
[DEBUG StringElement] entering constructor from Xml
[DEBUG StringElement] exiting constructor from Xml
[DEBUG Entry] Adding child element for node remark
[DEBUG MappingElement] entering constructor
[TRACE MappingElement] entering createNow
[TRACE MappingElement] entering createUid
[TRACE MappingElement] exiting createUid
[TRACE MappingElement] exiting createNow
[DEBUG MappingElement] exiting constructor
[DEBUG MappingElement] entering Constructor from XML Element
[DEBUG MappingElement] exiting Constructor from XML Element
[DEBUG StringElement] entering constructor from Xml
[DEBUG StringElement] exiting constructor from Xml
[DEBUG Entry] Adding child element for node password
[DEBUG MappingElement] entering constructor
[TRACE MappingElement] entering createNow
[TRACE MappingElement] entering createUid
[TRACE MappingElement] exiting createUid
[TRACE MappingElement] exiting createNow
[DEBUG MappingElement] exiting constructor
[DEBUG MappingElement] entering Constructor from XML Element
[DEBUG MappingElement] exiting Constructor from XML Element
[DEBUG StringElement] entering constructor from Xml
[DEBUG StringElement] exiting constructor from Xml
[DEBUG Entry] Adding child element for node user
[DEBUG MappingElement] entering constructor
[TRACE MappingElement] entering createNow
[TRACE MappingElement] entering createUid
[TRACE MappingElement] exiting createUid
[TRACE MappingElement] exiting createNow
[DEBUG MappingElement] exiting constructor
[DEBUG MappingElement] entering Constructor from XML Element
[DEBUG MappingElement] exiting Constructor from XML Element
[DEBUG StringElement] entering constructor from Xml
[DEBUG StringElement] exiting constructor from Xml
[DEBUG Entry] Adding child element for node url
[DEBUG MappingElement] entering constructor
[TRACE MappingElement] entering createNow
[TRACE MappingElement] entering createUid
[TRACE MappingElement] exiting createUid
[TRACE MappingElement] exiting createNow
[DEBUG MappingElement] exiting constructor
[DEBUG MappingElement] entering Constructor from XML Element
[DEBUG MappingElement] exiting Constructor from XML Element
[DEBUG StringElement] entering constructor from Xml
[DEBUG StringElement] exiting constructor from Xml
[DEBUG Entry] exiting constructor from XML
[TRACE PWList] PWEntry found[pwentry]: 3382894547739726848
[TRACE ListElement] Adding child element [pwentry]: 3382894547739726848 to [pwlist]: 955625731713288192
[DEBUG ListElement] exiting constructor from Xml
[DEBUG ListElement] entering merge, will merge [pwlist]: 955625731713288192 with [pwlist]: 955625731713288192
[TRACE MappingElement] entering getNewest
[TRACE MappingElement] This is older 2009-05-12T23:09:32.874+02:00 than 2009-05-12T23:11:34.467+02:00
[TRACE MappingElement] exiting getNewest
[DEBUG ListElement] Element [pwentry]: 3382894547739726848 found in both lists, merging
[DEBUG Entry] Entering merge: Merge [pwentry]: 3382894547739726848 with [pwentry]: 3382894547739726848
[TRACE MappingElement] entering getNewest
[TRACE MappingElement] This is older 2009-05-12T23:09:32.874+02:00 than 2009-05-12T23:11:34.467+02:00
[TRACE MappingElement] exiting getNewest
[TRACE Entry] Merged key set contains 5 child nodes
[TRACE Entry] Merging child nodes null and [remark]: 3783277464307274752
[TRACE Entry] Node only present in other, selecting [remark]: 3783277464307274752
[TRACE Entry] Merging child nodes null and [email]: 9090015679875616768
[TRACE Entry] Node only present in other, selecting [email]: 9090015679875616768
[TRACE Entry] Merging child nodes null and [user]: 688491166941040640
[TRACE Entry] Node only present in other, selecting [user]: 688491166941040640
[TRACE Entry] Merging child nodes null and [password]: 2835265445704561664
[TRACE Entry] Node only present in other, selecting [password]: 2835265445704561664
[TRACE Entry] Merging child nodes null and [url]: 5819652679536656384
[TRACE Entry] Node only present in other, selecting [url]: 5819652679536656384
[DEBUG Entry] Exiting merge, resulting in [pwentry]: 3382894547739726848
[DEBUG ListElement] Adding [pwentry]: 3382894547739726848
[DEBUG ListElement] exiting merge, resulted in [pwlist]: 955625731713288192
[WARN  ListElement] Call to getElements detected; this shall not occur innormal use!
]]></system-out>

      <system-err><![CDATA[]]></system-err>

  </testsuite>
</testsuites>
